2025-03-03 15:30:41.026 INFO  org.hibernate.validator.internal.util.Version     :21   [32m                  [0;39m HV000001: Hibernate Validator 8.0.2.Final
2025-03-03 15:30:41.074 INFO  com.fengye.MemberApplication                      :53   [32m                  [0;39m Starting MemberApplication using Java 17.0.4.1 with PID 20428 (D:\defaultFile\window\study\12306\yiersanlingliu\member\target\classes started by xu148 in D:\defaultFile\window\study\12306\yiersanlingliu)
2025-03-03 15:30:41.075 INFO  com.fengye.MemberApplication                      :652  [32m                  [0;39m No active profile set, falling back to 1 default profile: "default"
2025-03-03 15:30:42.047 INFO  o.springframework.cloud.context.scope.GenericScope:282  [32m                  [0;39m BeanFactory id=7c18f267-1da0-3000-be71-075da23c4cb8
2025-03-03 15:30:42.547 INFO  o.s.boot.web.embedded.tomcat.TomcatWebServer      :111  [32m                  [0;39m Tomcat initialized with port 8081 (http)
2025-03-03 15:30:42.559 INFO  org.apache.coyote.http11.Http11NioProtocol        :173  [32m                  [0;39m Initializing ProtocolHandler ["http-nio-8081"]
2025-03-03 15:30:42.560 INFO  org.apache.catalina.core.StandardService          :173  [32m                  [0;39m Starting service [Tomcat]
2025-03-03 15:30:42.560 INFO  org.apache.catalina.core.StandardEngine           :173  [32m                  [0;39m Starting Servlet engine: [Apache Tomcat/10.1.36]
2025-03-03 15:30:42.614 INFO  o.a.c.c.C.[Tomcat].[localhost].[/member]          :173  [32m                  [0;39m Initializing Spring embedded WebApplicationContext
2025-03-03 15:30:42.615 INFO  o.s.b.w.s.c.ServletWebServerApplicationContext    :301  [32m                  [0;39m Root WebApplicationContext: initialization completed in 1499 ms
2025-03-03 15:30:44.562 INFO  org.springframework.cloud.commons.util.InetUtils  :170  [32m                  [0;39m Cannot determine local hostname
2025-03-03 15:30:44.604 INFO  org.apache.coyote.http11.Http11NioProtocol        :173  [32m                  [0;39m Starting ProtocolHandler ["http-nio-8081"]
2025-03-03 15:30:44.619 INFO  o.s.boot.web.embedded.tomcat.TomcatWebServer      :243  [32m                  [0;39m Tomcat started on port 8081 (http) with context path '/member'
2025-03-03 15:30:45.727 INFO  org.springframework.cloud.commons.util.InetUtils  :170  [32m                  [0;39m Cannot determine local hostname
2025-03-03 15:30:45.735 INFO  com.fengye.MemberApplication                      :59   [32m                  [0;39m Started MemberApplication in 6.302 seconds (process running for 6.913)
2025-03-03 15:30:45.738 INFO  com.fengye.MemberApplication                      :26   [32m                  [0;39m 启动成功！！
2025-03-03 15:30:45.739 INFO  com.fengye.MemberApplication                      :27   [32m                  [0;39m 测试地址: 	http://127.0.0.1:8081/member/hello
2025-03-03 16:04:39.027 INFO  o.a.c.c.C.[Tomcat].[localhost].[/member]          :173  [32m                  [0;39m Initializing Spring DispatcherServlet 'dispatcherServlet'
2025-03-03 16:04:39.028 INFO  org.springframework.web.servlet.DispatcherServlet :532  [32m                  [0;39m Initializing Servlet 'dispatcherServlet'
2025-03-03 16:04:39.030 INFO  org.springframework.web.servlet.DispatcherServlet :554  [32m                  [0;39m Completed initialization in 2 ms
2025-03-03 16:04:39.163 INFO  com.fengye.common.aspect.LogAspect                :48   [32m                  [0;39m ------------- 开始 -------------
2025-03-03 16:04:39.164 INFO  com.fengye.common.aspect.LogAspect                :49   [32m                  [0;39m 请求地址: http://127.0.0.1:8081/member/member/login POST
2025-03-03 16:04:39.165 INFO  com.fengye.common.aspect.LogAspect                :50   [32m                  [0;39m 类名方法: com.fengye.controller.MemberController.login
2025-03-03 16:04:39.165 INFO  com.fengye.common.aspect.LogAspect                :51   [32m                  [0;39m 远程地址: 127.0.0.1
2025-03-03 16:04:39.250 INFO  com.fengye.common.aspect.LogAspect                :72   [32m                  [0;39m 请求参数: [{"code":"8888","mobile":"13411112222"}]
2025-03-03 16:04:39.314 INFO  com.zaxxer.hikari.HikariDataSource                :109  [32m                  [0;39m HikariPool-1 - Starting...
2025-03-03 16:04:39.697 INFO  com.zaxxer.hikari.pool.HikariPool                 :554  [32m                  [0;39m HikariPool-1 - Added connection com.mysql.cj.jdbc.ConnectionImpl@10a1a3ce
2025-03-03 16:04:39.699 INFO  com.zaxxer.hikari.HikariDataSource                :122  [32m                  [0;39m HikariPool-1 - Start completed.
2025-03-03 16:04:39.809 INFO  com.fengye.common.utils.JwtUtil                   :25   [32m                  [0;39m 开始生成JWT token，id：1896116463480213504，mobile：13411112222
2025-03-03 16:04:40.025 INFO  com.fengye.common.utils.JwtUtil                   :40   [32m                  [0;39m 生成JWT token：eyJ0eXAiOiJKV1QiLCJhbGciOiJIUzI1NiJ9.eyJuYmYiOjE3NDA5ODkwNzksIm1vYmlsZSI6IjEzNDExMTEyMjIyIiwiaWQiOjE4OTYxMTY0NjM0ODAyMTM1MDQsImV4cCI6MTc0MTA3NTQ3OSwiaWF0IjoxNzQwOTg5MDc5fQ.jDYCfiNmQgCHuyOalXzx0J9GLe1WmJcREoQLqseRQvo
2025-03-03 16:04:40.030 INFO  com.fengye.common.aspect.LogAspect                :84   [32m                  [0;39m 返回结果: {"content":{"id":1896116463480213504,"mobile":"13411112222","token":"eyJ0eXAiOiJKV1QiLCJhbGciOiJIUzI1NiJ9.eyJuYmYiOjE3NDA5ODkwNzksIm1vYmlsZSI6IjEzNDExMTEyMjIyIiwiaWQiOjE4OTYxMTY0NjM0ODAyMTM1MDQsImV4cCI6MTc0MTA3NTQ3OSwiaWF0IjoxNzQwOTg5MDc5fQ.jDYCfiNmQgCHuyOalXzx0J9GLe1WmJcREoQLqseRQvo"},"success":true}
2025-03-03 16:04:40.030 INFO  com.fengye.common.aspect.LogAspect                :85   [32m                  [0;39m ------------- 结束 耗时：868 ms -------------
2025-03-03 16:08:08.179 INFO  com.fengye.common.aspect.LogAspect                :48   [32m                  [0;39m ------------- 开始 -------------
2025-03-03 16:08:08.180 INFO  com.fengye.common.aspect.LogAspect                :49   [32m                  [0;39m 请求地址: http://127.0.0.1:8081/member/member/login POST
2025-03-03 16:08:08.180 INFO  com.fengye.common.aspect.LogAspect                :50   [32m                  [0;39m 类名方法: com.fengye.controller.MemberController.login
2025-03-03 16:08:08.180 INFO  com.fengye.common.aspect.LogAspect                :51   [32m                  [0;39m 远程地址: 127.0.0.1
2025-03-03 16:08:08.180 INFO  com.fengye.common.aspect.LogAspect                :72   [32m                  [0;39m 请求参数: [{"code":"8888","mobile":"13411112222"}]
2025-03-03 16:08:08.206 INFO  com.fengye.common.utils.JwtUtil                   :25   [32m                  [0;39m 开始生成JWT token，id：1896116463480213504，mobile：13411112222
2025-03-03 16:08:08.208 INFO  com.fengye.common.utils.JwtUtil                   :40   [32m                  [0;39m 生成JWT token：eyJ0eXAiOiJKV1QiLCJhbGciOiJIUzI1NiJ9.eyJuYmYiOjE3NDA5ODkyODgsIm1vYmlsZSI6IjEzNDExMTEyMjIyIiwiaWQiOjE4OTYxMTY0NjM0ODAyMTM1MDQsImV4cCI6MTc0MTA3NTY4OCwiaWF0IjoxNzQwOTg5Mjg4fQ.rEEFA4vwrq0sxSA2t66IIIECNVMfsm6-V0NDzHbeTZs
2025-03-03 16:08:08.209 INFO  com.fengye.common.aspect.LogAspect                :84   [32m                  [0;39m 返回结果: {"content":{"id":1896116463480213504,"mobile":"13411112222","token":"eyJ0eXAiOiJKV1QiLCJhbGciOiJIUzI1NiJ9.eyJuYmYiOjE3NDA5ODkyODgsIm1vYmlsZSI6IjEzNDExMTEyMjIyIiwiaWQiOjE4OTYxMTY0NjM0ODAyMTM1MDQsImV4cCI6MTc0MTA3NTY4OCwiaWF0IjoxNzQwOTg5Mjg4fQ.rEEFA4vwrq0sxSA2t66IIIECNVMfsm6-V0NDzHbeTZs"},"success":true}
2025-03-03 16:08:08.209 INFO  com.fengye.common.aspect.LogAspect                :85   [32m                  [0;39m ------------- 结束 耗时：30 ms -------------
2025-03-03 16:08:18.513 INFO  o.s.boot.web.embedded.tomcat.GracefulShutdown     :54   [32m                  [0;39m Commencing graceful shutdown. Waiting for active requests to complete
2025-03-03 16:08:18.561 INFO  o.s.boot.web.embedded.tomcat.GracefulShutdown     :76   [32m                  [0;39m Graceful shutdown complete
2025-03-03 16:08:18.567 INFO  com.zaxxer.hikari.HikariDataSource                :349  [32m                  [0;39m HikariPool-1 - Shutdown initiated...
2025-03-03 16:08:18.578 INFO  com.zaxxer.hikari.HikariDataSource                :351  [32m                  [0;39m HikariPool-1 - Shutdown completed.
2025-03-03 16:08:23.044 INFO  org.hibernate.validator.internal.util.Version     :21   [32m                  [0;39m HV000001: Hibernate Validator 8.0.2.Final
2025-03-03 16:08:23.099 INFO  com.fengye.MemberApplication                      :53   [32m                  [0;39m Starting MemberApplication using Java 17.0.4.1 with PID 20808 (D:\defaultFile\window\study\12306\yiersanlingliu\member\target\classes started by xu148 in D:\defaultFile\window\study\12306\yiersanlingliu)
2025-03-03 16:08:23.100 INFO  com.fengye.MemberApplication                      :652  [32m                  [0;39m No active profile set, falling back to 1 default profile: "default"
2025-03-03 16:08:23.837 INFO  o.springframework.cloud.context.scope.GenericScope:282  [32m                  [0;39m BeanFactory id=57d89d40-4f15-3cef-99e8-6dab1c433b5b
2025-03-03 16:08:24.384 INFO  o.s.boot.web.embedded.tomcat.TomcatWebServer      :111  [32m                  [0;39m Tomcat initialized with port 8081 (http)
2025-03-03 16:08:24.398 INFO  org.apache.coyote.http11.Http11NioProtocol        :173  [32m                  [0;39m Initializing ProtocolHandler ["http-nio-8081"]
2025-03-03 16:08:24.399 INFO  org.apache.catalina.core.StandardService          :173  [32m                  [0;39m Starting service [Tomcat]
2025-03-03 16:08:24.400 INFO  org.apache.catalina.core.StandardEngine           :173  [32m                  [0;39m Starting Servlet engine: [Apache Tomcat/10.1.36]
2025-03-03 16:08:24.458 INFO  o.a.c.c.C.[Tomcat].[localhost].[/member]          :173  [32m                  [0;39m Initializing Spring embedded WebApplicationContext
2025-03-03 16:08:24.459 INFO  o.s.b.w.s.c.ServletWebServerApplicationContext    :301  [32m                  [0;39m Root WebApplicationContext: initialization completed in 1313 ms
2025-03-03 16:08:26.553 INFO  org.springframework.cloud.commons.util.InetUtils  :170  [32m                  [0;39m Cannot determine local hostname
2025-03-03 16:08:26.607 INFO  org.apache.coyote.http11.Http11NioProtocol        :173  [32m                  [0;39m Starting ProtocolHandler ["http-nio-8081"]
2025-03-03 16:08:26.630 INFO  o.s.boot.web.embedded.tomcat.TomcatWebServer      :243  [32m                  [0;39m Tomcat started on port 8081 (http) with context path '/member'
2025-03-03 16:08:27.778 INFO  org.springframework.cloud.commons.util.InetUtils  :170  [32m                  [0;39m Cannot determine local hostname
2025-03-03 16:08:27.785 INFO  com.fengye.MemberApplication                      :59   [32m                  [0;39m Started MemberApplication in 6.403 seconds (process running for 7.091)
2025-03-03 16:08:27.788 INFO  com.fengye.MemberApplication                      :26   [32m                  [0;39m 启动成功！！
2025-03-03 16:08:27.788 INFO  com.fengye.MemberApplication                      :27   [32m                  [0;39m 测试地址: 	http://127.0.0.1:8081/member/hello
2025-03-03 16:08:42.806 INFO  o.a.c.c.C.[Tomcat].[localhost].[/member]          :173  [32m                  [0;39m Initializing Spring DispatcherServlet 'dispatcherServlet'
2025-03-03 16:08:42.807 INFO  org.springframework.web.servlet.DispatcherServlet :532  [32m                  [0;39m Initializing Servlet 'dispatcherServlet'
2025-03-03 16:08:42.808 INFO  org.springframework.web.servlet.DispatcherServlet :554  [32m                  [0;39m Completed initialization in 1 ms
2025-03-03 16:08:42.929 INFO  com.fengye.common.aspect.LogAspect                :48   [32m1740989322826hwi  [0;39m ------------- 开始 -------------
2025-03-03 16:08:42.930 INFO  com.fengye.common.aspect.LogAspect                :49   [32m1740989322826hwi  [0;39m 请求地址: http://127.0.0.1:8081/member/member/login POST
2025-03-03 16:08:42.930 INFO  com.fengye.common.aspect.LogAspect                :50   [32m1740989322826hwi  [0;39m 类名方法: com.fengye.controller.MemberController.login
2025-03-03 16:08:42.931 INFO  com.fengye.common.aspect.LogAspect                :51   [32m1740989322826hwi  [0;39m 远程地址: 127.0.0.1
2025-03-03 16:08:42.973 INFO  com.fengye.common.aspect.LogAspect                :72   [32m1740989322826hwi  [0;39m 请求参数: [{"code":"8888","mobile":"13411112222"}]
2025-03-03 16:08:43.012 INFO  com.zaxxer.hikari.HikariDataSource                :109  [32m1740989322826hwi  [0;39m HikariPool-1 - Starting...
2025-03-03 16:08:43.313 INFO  com.zaxxer.hikari.pool.HikariPool                 :554  [32m1740989322826hwi  [0;39m HikariPool-1 - Added connection com.mysql.cj.jdbc.ConnectionImpl@334eaaa6
2025-03-03 16:08:43.315 INFO  com.zaxxer.hikari.HikariDataSource                :122  [32m1740989322826hwi  [0;39m HikariPool-1 - Start completed.
2025-03-03 16:08:43.395 INFO  com.fengye.common.utils.JwtUtil                   :25   [32m1740989322826hwi  [0;39m 开始生成JWT token，id：1896116463480213504，mobile：13411112222
2025-03-03 16:08:43.526 INFO  com.fengye.common.utils.JwtUtil                   :40   [32m1740989322826hwi  [0;39m 生成JWT token：eyJ0eXAiOiJKV1QiLCJhbGciOiJIUzI1NiJ9.eyJuYmYiOjE3NDA5ODkzMjMsIm1vYmlsZSI6IjEzNDExMTEyMjIyIiwiaWQiOjE4OTYxMTY0NjM0ODAyMTM1MDQsImV4cCI6MTc0MTA3NTcyMywiaWF0IjoxNzQwOTg5MzIzfQ.U2DgFzGhpRUBKX60lCkPbaz4VeK5R5yA8Strw8oGJW0
2025-03-03 16:08:43.531 INFO  com.fengye.common.aspect.LogAspect                :84   [32m1740989322826hwi  [0;39m 返回结果: {"content":{"id":1896116463480213504,"mobile":"13411112222","token":"eyJ0eXAiOiJKV1QiLCJhbGciOiJIUzI1NiJ9.eyJuYmYiOjE3NDA5ODkzMjMsIm1vYmlsZSI6IjEzNDExMTEyMjIyIiwiaWQiOjE4OTYxMTY0NjM0ODAyMTM1MDQsImV4cCI6MTc0MTA3NTcyMywiaWF0IjoxNzQwOTg5MzIzfQ.U2DgFzGhpRUBKX60lCkPbaz4VeK5R5yA8Strw8oGJW0"},"success":true}
2025-03-03 16:08:43.531 INFO  com.fengye.common.aspect.LogAspect                :85   [32m1740989322826hwi  [0;39m ------------- 结束 耗时：602 ms -------------
2025-03-03 16:09:29.546 INFO  o.s.boot.web.embedded.tomcat.GracefulShutdown     :54   [32m                  [0;39m Commencing graceful shutdown. Waiting for active requests to complete
2025-03-03 16:09:29.588 INFO  o.s.boot.web.embedded.tomcat.GracefulShutdown     :76   [32m                  [0;39m Graceful shutdown complete
2025-03-03 16:09:29.591 INFO  com.zaxxer.hikari.HikariDataSource                :349  [32m                  [0;39m HikariPool-1 - Shutdown initiated...
2025-03-03 16:09:29.597 INFO  com.zaxxer.hikari.HikariDataSource                :351  [32m                  [0;39m HikariPool-1 - Shutdown completed.
2025-03-03 16:09:33.623 INFO  org.hibernate.validator.internal.util.Version     :21   [32m                  [0;39m HV000001: Hibernate Validator 8.0.2.Final
2025-03-03 16:09:33.665 INFO  com.fengye.MemberApplication                      :53   [32m                  [0;39m Starting MemberApplication using Java 17.0.4.1 with PID 19184 (D:\defaultFile\window\study\12306\yiersanlingliu\member\target\classes started by xu148 in D:\defaultFile\window\study\12306\yiersanlingliu)
2025-03-03 16:09:33.666 INFO  com.fengye.MemberApplication                      :652  [32m                  [0;39m No active profile set, falling back to 1 default profile: "default"
2025-03-03 16:09:34.288 INFO  o.springframework.cloud.context.scope.GenericScope:282  [32m                  [0;39m BeanFactory id=57d89d40-4f15-3cef-99e8-6dab1c433b5b
2025-03-03 16:09:34.658 INFO  o.s.boot.web.embedded.tomcat.TomcatWebServer      :111  [32m                  [0;39m Tomcat initialized with port 8081 (http)
2025-03-03 16:09:34.668 INFO  org.apache.coyote.http11.Http11NioProtocol        :173  [32m                  [0;39m Initializing ProtocolHandler ["http-nio-8081"]
2025-03-03 16:09:34.669 INFO  org.apache.catalina.core.StandardService          :173  [32m                  [0;39m Starting service [Tomcat]
2025-03-03 16:09:34.669 INFO  org.apache.catalina.core.StandardEngine           :173  [32m                  [0;39m Starting Servlet engine: [Apache Tomcat/10.1.36]
2025-03-03 16:09:34.716 INFO  o.a.c.c.C.[Tomcat].[localhost].[/member]          :173  [32m                  [0;39m Initializing Spring embedded WebApplicationContext
2025-03-03 16:09:34.717 INFO  o.s.b.w.s.c.ServletWebServerApplicationContext    :301  [32m                  [0;39m Root WebApplicationContext: initialization completed in 1016 ms
2025-03-03 16:09:36.515 INFO  org.springframework.cloud.commons.util.InetUtils  :170  [32m                  [0;39m Cannot determine local hostname
2025-03-03 16:09:36.555 INFO  org.apache.coyote.http11.Http11NioProtocol        :173  [32m                  [0;39m Starting ProtocolHandler ["http-nio-8081"]
2025-03-03 16:09:36.571 INFO  o.s.boot.web.embedded.tomcat.TomcatWebServer      :243  [32m                  [0;39m Tomcat started on port 8081 (http) with context path '/member'
2025-03-03 16:09:37.684 INFO  org.springframework.cloud.commons.util.InetUtils  :170  [32m                  [0;39m Cannot determine local hostname
2025-03-03 16:09:37.694 INFO  com.fengye.MemberApplication                      :59   [32m                  [0;39m Started MemberApplication in 5.639 seconds (process running for 6.18)
2025-03-03 16:09:37.697 INFO  com.fengye.MemberApplication                      :26   [32m                  [0;39m 启动成功！！
2025-03-03 16:09:37.698 INFO  com.fengye.MemberApplication                      :27   [32m                  [0;39m 测试地址: 	http://127.0.0.1:8081/member/hello
2025-03-03 16:09:43.230 INFO  o.a.c.c.C.[Tomcat].[localhost].[/member]          :173  [32m                  [0;39m Initializing Spring DispatcherServlet 'dispatcherServlet'
2025-03-03 16:09:43.230 INFO  org.springframework.web.servlet.DispatcherServlet :532  [32m                  [0;39m Initializing Servlet 'dispatcherServlet'
2025-03-03 16:09:43.232 INFO  org.springframework.web.servlet.DispatcherServlet :554  [32m                  [0;39m Completed initialization in 2 ms
2025-03-03 16:09:43.250 INFO  com.fengye.common.interceptor.MemberInterceptor   :27   [32m1740989383247gmt  [0;39m MemberInterceptor开始
2025-03-03 16:09:43.251 INFO  com.fengye.common.interceptor.MemberInterceptor   :37   [32m1740989383247gmt  [0;39m MemberInterceptor结束
2025-03-03 16:09:43.345 INFO  com.fengye.common.aspect.LogAspect                :48   [32m1740989383247gmt  [0;39m ------------- 开始 -------------
2025-03-03 16:09:43.345 INFO  com.fengye.common.aspect.LogAspect                :49   [32m1740989383247gmt  [0;39m 请求地址: http://127.0.0.1:8081/member/member/login POST
2025-03-03 16:09:43.346 INFO  com.fengye.common.aspect.LogAspect                :50   [32m1740989383247gmt  [0;39m 类名方法: com.fengye.controller.MemberController.login
2025-03-03 16:09:43.346 INFO  com.fengye.common.aspect.LogAspect                :51   [32m1740989383247gmt  [0;39m 远程地址: 127.0.0.1
2025-03-03 16:09:43.393 INFO  com.fengye.common.aspect.LogAspect                :72   [32m1740989383247gmt  [0;39m 请求参数: [{"code":"8888","mobile":"13411112222"}]
2025-03-03 16:09:43.431 INFO  com.zaxxer.hikari.HikariDataSource                :109  [32m1740989383247gmt  [0;39m HikariPool-1 - Starting...
2025-03-03 16:09:43.748 INFO  com.zaxxer.hikari.pool.HikariPool                 :554  [32m1740989383247gmt  [0;39m HikariPool-1 - Added connection com.mysql.cj.jdbc.ConnectionImpl@af3ae07
2025-03-03 16:09:43.749 INFO  com.zaxxer.hikari.HikariDataSource                :122  [32m1740989383247gmt  [0;39m HikariPool-1 - Start completed.
2025-03-03 16:09:43.835 INFO  com.fengye.common.utils.JwtUtil                   :25   [32m1740989383247gmt  [0;39m 开始生成JWT token，id：1896116463480213504，mobile：13411112222
2025-03-03 16:09:43.963 INFO  com.fengye.common.utils.JwtUtil                   :40   [32m1740989383247gmt  [0;39m 生成JWT token：eyJ0eXAiOiJKV1QiLCJhbGciOiJIUzI1NiJ9.eyJuYmYiOjE3NDA5ODkzODMsIm1vYmlsZSI6IjEzNDExMTEyMjIyIiwiaWQiOjE4OTYxMTY0NjM0ODAyMTM1MDQsImV4cCI6MTc0MTA3NTc4MywiaWF0IjoxNzQwOTg5MzgzfQ.Ntf-FTtpH9CIcxoC_ViU2aZLs56lFfxW5sOin3tpHfw
2025-03-03 16:09:43.968 INFO  com.fengye.common.aspect.LogAspect                :84   [32m1740989383247gmt  [0;39m 返回结果: {"content":{"id":1896116463480213504,"mobile":"13411112222","token":"eyJ0eXAiOiJKV1QiLCJhbGciOiJIUzI1NiJ9.eyJuYmYiOjE3NDA5ODkzODMsIm1vYmlsZSI6IjEzNDExMTEyMjIyIiwiaWQiOjE4OTYxMTY0NjM0ODAyMTM1MDQsImV4cCI6MTc0MTA3NTc4MywiaWF0IjoxNzQwOTg5MzgzfQ.Ntf-FTtpH9CIcxoC_ViU2aZLs56lFfxW5sOin3tpHfw"},"success":true}
2025-03-03 16:09:43.968 INFO  com.fengye.common.aspect.LogAspect                :85   [32m1740989383247gmt  [0;39m ------------- 结束 耗时：624 ms -------------
2025-03-03 16:11:46.401 INFO  com.fengye.common.interceptor.MemberInterceptor   :27   [32m174098950640165e  [0;39m MemberInterceptor开始
2025-03-03 16:11:46.402 INFO  com.fengye.common.interceptor.MemberInterceptor   :31   [32m174098950640165e  [0;39m 获取会员登录token：eyJ0eXAiOiJKV1QiLCJhbGciOiJIUzI1NiJ9.eyJuYmYiOjE3NDA5ODkzODMsIm1vYmlsZSI6IjEzNDExMTEyMjIyIiwiaWQiOjE4OTYxMTY0NjM0ODAyMTM1MDQsImV4cCI6MTc0MTA3NTc4MywiaWF0IjoxNzQwOTg5MzgzfQ.Ntf-FTtpH9CIcxoC_ViU2aZLs56lFfxW5sOin3tpHfw
2025-03-03 16:11:46.410 INFO  com.fengye.common.utils.JwtUtil                   :61   [32m174098950640165e  [0;39m 根据token获取原始内容：{"mobile":"13411112222","id":1896116463480213504}
2025-03-03 16:11:46.411 INFO  com.fengye.common.interceptor.MemberInterceptor   :33   [32m174098950640165e  [0;39m 当前登录会员：{"mobile":"13411112222","id":1896116463480213504}
2025-03-03 16:11:46.416 INFO  com.fengye.common.interceptor.MemberInterceptor   :37   [32m174098950640165e  [0;39m MemberInterceptor结束
2025-03-03 16:11:46.417 INFO  com.fengye.common.aspect.LogAspect                :48   [32m174098950640165e  [0;39m ------------- 开始 -------------
2025-03-03 16:11:46.417 INFO  com.fengye.common.aspect.LogAspect                :49   [32m174098950640165e  [0;39m 请求地址: http://127.0.0.1:8081/member/member/count GET
2025-03-03 16:11:46.417 INFO  com.fengye.common.aspect.LogAspect                :50   [32m174098950640165e  [0;39m 类名方法: com.fengye.controller.MemberController.count
2025-03-03 16:11:46.418 INFO  com.fengye.common.aspect.LogAspect                :51   [32m174098950640165e  [0;39m 远程地址: 127.0.0.1
2025-03-03 16:11:46.418 INFO  com.fengye.common.aspect.LogAspect                :72   [32m174098950640165e  [0;39m 请求参数: []
2025-03-03 16:11:46.461 INFO  com.fengye.common.aspect.LogAspect                :84   [32m174098950640165e  [0;39m 返回结果: {"content":5,"success":true}
2025-03-03 16:11:46.461 INFO  com.fengye.common.aspect.LogAspect                :85   [32m174098950640165e  [0;39m ------------- 结束 耗时：44 ms -------------
