2025-03-02 16:26:51.358 INFO  org.hibernate.validator.internal.util.Version     :21   [32m                  [0;39m HV000001: Hibernate Validator 8.0.2.Final
2025-03-02 16:26:51.408 INFO  com.fengye.MemberApplication                      :53   [32m                  [0;39m Starting MemberApplication using Java 17.0.4.1 with PID 29184 (D:\defaultFile\window\study\12306\yiersanlingliu\member\target\classes started by xu148 in D:\defaultFile\window\study\12306\yiersanlingliu)
2025-03-02 16:26:51.409 INFO  com.fengye.MemberApplication                      :652  [32m                  [0;39m No active profile set, falling back to 1 default profile: "default"
2025-03-02 16:26:52.192 INFO  o.springframework.cloud.context.scope.GenericScope:282  [32m                  [0;39m BeanFactory id=6d7d67af-1939-38ab-be56-888d94ec9f93
2025-03-02 16:26:52.721 INFO  o.s.boot.web.embedded.tomcat.TomcatWebServer      :111  [32m                  [0;39m Tomcat initialized with port 8081 (http)
2025-03-02 16:26:52.733 INFO  org.apache.coyote.http11.Http11NioProtocol        :173  [32m                  [0;39m Initializing ProtocolHandler ["http-nio-8081"]
2025-03-02 16:26:52.734 INFO  org.apache.catalina.core.StandardService          :173  [32m                  [0;39m Starting service [Tomcat]
2025-03-02 16:26:52.735 INFO  org.apache.catalina.core.StandardEngine           :173  [32m                  [0;39m Starting Servlet engine: [Apache Tomcat/10.1.36]
2025-03-02 16:26:52.786 INFO  o.a.c.c.C.[Tomcat].[localhost].[/member]          :173  [32m                  [0;39m Initializing Spring embedded WebApplicationContext
2025-03-02 16:26:52.786 INFO  o.s.b.w.s.c.ServletWebServerApplicationContext    :301  [32m                  [0;39m Root WebApplicationContext: initialization completed in 1332 ms
2025-03-02 16:26:54.670 INFO  org.springframework.cloud.commons.util.InetUtils  :170  [32m                  [0;39m Cannot determine local hostname
2025-03-02 16:26:54.710 INFO  org.apache.coyote.http11.Http11NioProtocol        :173  [32m                  [0;39m Starting ProtocolHandler ["http-nio-8081"]
2025-03-02 16:26:54.727 INFO  o.s.boot.web.embedded.tomcat.TomcatWebServer      :243  [32m                  [0;39m Tomcat started on port 8081 (http) with context path '/member'
2025-03-02 16:26:55.825 INFO  org.springframework.cloud.commons.util.InetUtils  :170  [32m                  [0;39m Cannot determine local hostname
2025-03-02 16:26:55.833 INFO  com.fengye.MemberApplication                      :59   [32m                  [0;39m Started MemberApplication in 6.065 seconds (process running for 6.615)
2025-03-02 16:26:55.835 INFO  com.fengye.MemberApplication                      :26   [32m                  [0;39m 启动成功！！
2025-03-02 16:26:55.836 INFO  com.fengye.MemberApplication                      :27   [32m                  [0;39m 测试地址: 	http://127.0.0.1:8081/member/hello
2025-03-02 16:28:28.366 INFO  o.a.c.c.C.[Tomcat].[localhost].[/member]          :173  [32m                  [0;39m Initializing Spring DispatcherServlet 'dispatcherServlet'
2025-03-02 16:28:28.366 INFO  org.springframework.web.servlet.DispatcherServlet :532  [32m                  [0;39m Initializing Servlet 'dispatcherServlet'
2025-03-02 16:28:28.367 INFO  org.springframework.web.servlet.DispatcherServlet :554  [32m                  [0;39m Completed initialization in 1 ms
2025-03-02 16:28:28.452 INFO  com.fengye.common.aspect.LogAspect                :48   [32m                  [0;39m ------------- 开始 -------------
2025-03-02 16:28:28.453 INFO  com.fengye.common.aspect.LogAspect                :49   [32m                  [0;39m 请求地址: http://127.0.0.1:8081/member/member/register POST
2025-03-02 16:28:28.453 INFO  com.fengye.common.aspect.LogAspect                :50   [32m                  [0;39m 类名方法: com.fengye.controller.MemberController.register
2025-03-02 16:28:28.454 INFO  com.fengye.common.aspect.LogAspect                :51   [32m                  [0;39m 远程地址: 127.0.0.1
2025-03-02 16:28:28.535 INFO  com.fengye.common.aspect.LogAspect                :72   [32m                  [0;39m 请求参数: [{"mobile":"12345678"}]
2025-03-02 16:28:28.600 INFO  com.zaxxer.hikari.HikariDataSource                :109  [32m                  [0;39m HikariPool-1 - Starting...
2025-03-02 16:28:29.046 INFO  com.zaxxer.hikari.pool.HikariPool                 :554  [32m                  [0;39m HikariPool-1 - Added connection com.mysql.cj.jdbc.ConnectionImpl@48d66b64
2025-03-02 16:28:29.049 INFO  com.zaxxer.hikari.HikariDataSource                :122  [32m                  [0;39m HikariPool-1 - Start completed.
2025-03-02 16:28:29.144 ERROR c.f.common.controller.ControllerExceptionHandler  :49   [32m                  [0;39m 业务异常：手机号已注册
2025-03-02 16:28:39.391 INFO  com.fengye.common.aspect.LogAspect                :48   [32m                  [0;39m ------------- 开始 -------------
2025-03-02 16:28:39.392 INFO  com.fengye.common.aspect.LogAspect                :49   [32m                  [0;39m 请求地址: http://127.0.0.1:8081/member/member/send-code POST
2025-03-02 16:28:39.392 INFO  com.fengye.common.aspect.LogAspect                :50   [32m                  [0;39m 类名方法: com.fengye.controller.MemberController.register
2025-03-02 16:28:39.392 INFO  com.fengye.common.aspect.LogAspect                :51   [32m                  [0;39m 远程地址: 127.0.0.1
2025-03-02 16:28:39.394 INFO  com.fengye.common.aspect.LogAspect                :72   [32m                  [0;39m 请求参数: [{"mobile":"13411112222"}]
2025-03-02 16:28:39.429 ERROR c.f.common.controller.ControllerExceptionHandler  :34   [32m                  [0;39m 系统异常：
java.lang.IndexOutOfBoundsException: Index 0 out of bounds for length 0
	at java.base/jdk.internal.util.Preconditions.outOfBounds(Preconditions.java:64)
	at java.base/jdk.internal.util.Preconditions.outOfBoundsCheckIndex(Preconditions.java:70)
	at java.base/jdk.internal.util.Preconditions.checkIndex(Preconditions.java:266)
	at java.base/java.util.Objects.checkIndex(Objects.java:359)
	at java.base/java.util.ArrayList.get(ArrayList.java:427)
	at com.fengye.service.MemberService.SelectByMobile(MemberService.java:63)
	at com.fengye.service.MemberService.sendCode(MemberService.java:44)
	at com.fengye.controller.MemberController.register(MemberController.java:35)
	at java.base/jdk.internal.reflect.NativeMethodAccessorImpl.invoke0(Native Method)
	at java.base/jdk.internal.reflect.NativeMethodAccessorImpl.invoke(NativeMethodAccessorImpl.java:77)
	at java.base/jdk.internal.reflect.DelegatingMethodAccessorImpl.invoke(DelegatingMethodAccessorImpl.java:43)
	at java.base/java.lang.reflect.Method.invoke(Method.java:568)
	at org.springframework.aop.support.AopUtils.invokeJoinpointUsingReflection(AopUtils.java:359)
	at org.springframework.aop.framework.ReflectiveMethodInvocation.invokeJoinpoint(ReflectiveMethodInvocation.java:196)
	at org.springframework.aop.framework.ReflectiveMethodInvocation.proceed(ReflectiveMethodInvocation.java:163)
	at org.springframework.aop.framework.adapter.MethodBeforeAdviceInterceptor.invoke(MethodBeforeAdviceInterceptor.java:58)
	at org.springframework.aop.framework.ReflectiveMethodInvocation.proceed(ReflectiveMethodInvocation.java:184)
	at org.springframework.aop.aspectj.MethodInvocationProceedingJoinPoint.proceed(MethodInvocationProceedingJoinPoint.java:89)
	at com.fengye.common.aspect.LogAspect.doAround(LogAspect.java:78)
	at java.base/jdk.internal.reflect.NativeMethodAccessorImpl.invoke0(Native Method)
	at java.base/jdk.internal.reflect.NativeMethodAccessorImpl.invoke(NativeMethodAccessorImpl.java:77)
	at java.base/jdk.internal.reflect.DelegatingMethodAccessorImpl.invoke(DelegatingMethodAccessorImpl.java:43)
	at java.base/java.lang.reflect.Method.invoke(Method.java:568)
	at org.springframework.aop.aspectj.AbstractAspectJAdvice.invokeAdviceMethodWithGivenArgs(AbstractAspectJAdvice.java:642)
	at org.springframework.aop.aspectj.AbstractAspectJAdvice.invokeAdviceMethod(AbstractAspectJAdvice.java:632)
	at org.springframework.aop.aspectj.AspectJAroundAdvice.invoke(AspectJAroundAdvice.java:71)
	at org.springframework.aop.framework.ReflectiveMethodInvocation.proceed(ReflectiveMethodInvocation.java:184)
	at org.springframework.aop.interceptor.ExposeInvocationInterceptor.invoke(ExposeInvocationInterceptor.java:97)
	at org.springframework.aop.framework.ReflectiveMethodInvocation.proceed(ReflectiveMethodInvocation.java:184)
	at org.springframework.aop.framework.CglibAopProxy$DynamicAdvisedInterceptor.intercept(CglibAopProxy.java:727)
	at com.fengye.controller.MemberController$$SpringCGLIB$$0.register(<generated>)
	at java.base/jdk.internal.reflect.NativeMethodAccessorImpl.invoke0(Native Method)
	at java.base/jdk.internal.reflect.NativeMethodAccessorImpl.invoke(NativeMethodAccessorImpl.java:77)
	at java.base/jdk.internal.reflect.DelegatingMethodAccessorImpl.invoke(DelegatingMethodAccessorImpl.java:43)
	at java.base/java.lang.reflect.Method.invoke(Method.java:568)
	at org.springframework.web.method.support.InvocableHandlerMethod.doInvoke(InvocableHandlerMethod.java:257)
	at org.springframework.web.method.support.InvocableHandlerMethod.invokeForRequest(InvocableHandlerMethod.java:190)
	at org.springframework.web.servlet.mvc.method.annotation.ServletInvocableHandlerMethod.invokeAndHandle(ServletInvocableHandlerMethod.java:118)
	at org.springframework.web.servlet.mvc.method.annotation.RequestMappingHandlerAdapter.invokeHandlerMethod(RequestMappingHandlerAdapter.java:986)
	at org.springframework.web.servlet.mvc.method.annotation.RequestMappingHandlerAdapter.handleInternal(RequestMappingHandlerAdapter.java:891)
	at org.springframework.web.servlet.mvc.method.AbstractHandlerMethodAdapter.handle(AbstractHandlerMethodAdapter.java:87)
	at org.springframework.web.servlet.DispatcherServlet.doDispatch(DispatcherServlet.java:1088)
	at org.springframework.web.servlet.DispatcherServlet.doService(DispatcherServlet.java:978)
	at org.springframework.web.servlet.FrameworkServlet.processRequest(FrameworkServlet.java:1014)
	at org.springframework.web.servlet.FrameworkServlet.doPost(FrameworkServlet.java:914)
	at jakarta.servlet.http.HttpServlet.service(HttpServlet.java:590)
	at org.springframework.web.servlet.FrameworkServlet.service(FrameworkServlet.java:885)
	at jakarta.servlet.http.HttpServlet.service(HttpServlet.java:658)
	at org.apache.catalina.core.ApplicationFilterChain.internalDoFilter(ApplicationFilterChain.java:195)
	at org.apache.catalina.core.ApplicationFilterChain.doFilter(ApplicationFilterChain.java:140)
	at org.apache.tomcat.websocket.server.WsFilter.doFilter(WsFilter.java:51)
	at org.apache.catalina.core.ApplicationFilterChain.internalDoFilter(ApplicationFilterChain.java:164)
	at org.apache.catalina.core.ApplicationFilterChain.doFilter(ApplicationFilterChain.java:140)
	at org.springframework.web.filter.RequestContextFilter.doFilterInternal(RequestContextFilter.java:100)
	at org.springframework.web.filter.OncePerRequestFilter.doFilter(OncePerRequestFilter.java:116)
	at org.apache.catalina.core.ApplicationFilterChain.internalDoFilter(ApplicationFilterChain.java:164)
	at org.apache.catalina.core.ApplicationFilterChain.doFilter(ApplicationFilterChain.java:140)
	at org.springframework.web.filter.FormContentFilter.doFilterInternal(FormContentFilter.java:93)
	at org.springframework.web.filter.OncePerRequestFilter.doFilter(OncePerRequestFilter.java:116)
	at org.apache.catalina.core.ApplicationFilterChain.internalDoFilter(ApplicationFilterChain.java:164)
	at org.apache.catalina.core.ApplicationFilterChain.doFilter(ApplicationFilterChain.java:140)
	at org.springframework.web.filter.CharacterEncodingFilter.doFilterInternal(CharacterEncodingFilter.java:201)
	at org.springframework.web.filter.OncePerRequestFilter.doFilter(OncePerRequestFilter.java:116)
	at org.apache.catalina.core.ApplicationFilterChain.internalDoFilter(ApplicationFilterChain.java:164)
	at org.apache.catalina.core.ApplicationFilterChain.doFilter(ApplicationFilterChain.java:140)
	at org.apache.catalina.core.StandardWrapperValve.invoke(StandardWrapperValve.java:167)
	at org.apache.catalina.core.StandardContextValve.invoke(StandardContextValve.java:90)
	at org.apache.catalina.authenticator.AuthenticatorBase.invoke(AuthenticatorBase.java:483)
	at org.apache.catalina.core.StandardHostValve.invoke(StandardHostValve.java:115)
	at org.apache.catalina.valves.ErrorReportValve.invoke(ErrorReportValve.java:93)
	at org.apache.catalina.core.StandardEngineValve.invoke(StandardEngineValve.java:74)
	at org.apache.catalina.connector.CoyoteAdapter.service(CoyoteAdapter.java:344)
	at org.apache.coyote.http11.Http11Processor.service(Http11Processor.java:397)
	at org.apache.coyote.AbstractProcessorLight.process(AbstractProcessorLight.java:63)
	at org.apache.coyote.AbstractProtocol$ConnectionHandler.process(AbstractProtocol.java:905)
	at org.apache.tomcat.util.net.NioEndpoint$SocketProcessor.doRun(NioEndpoint.java:1743)
	at org.apache.tomcat.util.net.SocketProcessorBase.run(SocketProcessorBase.java:52)
	at org.apache.tomcat.util.threads.ThreadPoolExecutor.runWorker(ThreadPoolExecutor.java:1190)
	at org.apache.tomcat.util.threads.ThreadPoolExecutor$Worker.run(ThreadPoolExecutor.java:659)
	at org.apache.tomcat.util.threads.TaskThread$WrappingRunnable.run(TaskThread.java:63)
	at java.base/java.lang.Thread.run(Thread.java:833)
2025-03-02 16:29:47.897 INFO  com.fengye.common.aspect.LogAspect                :48   [32m                  [0;39m ------------- 开始 -------------
2025-03-02 16:29:47.897 INFO  com.fengye.common.aspect.LogAspect                :49   [32m                  [0;39m 请求地址: http://127.0.0.1:8081/member/member/send-code POST
2025-03-02 16:29:47.898 INFO  com.fengye.common.aspect.LogAspect                :50   [32m                  [0;39m 类名方法: com.fengye.controller.MemberController.register
2025-03-02 16:29:47.898 INFO  com.fengye.common.aspect.LogAspect                :51   [32m                  [0;39m 远程地址: 127.0.0.1
2025-03-02 16:29:47.898 INFO  com.fengye.common.aspect.LogAspect                :72   [32m                  [0;39m 请求参数: [{"mobile":"13411112222"}]
2025-03-02 16:29:47.935 ERROR c.f.common.controller.ControllerExceptionHandler  :34   [32m                  [0;39m 系统异常：
java.lang.IndexOutOfBoundsException: Index 0 out of bounds for length 0
	at java.base/jdk.internal.util.Preconditions.outOfBounds(Preconditions.java:64)
	at java.base/jdk.internal.util.Preconditions.outOfBoundsCheckIndex(Preconditions.java:70)
	at java.base/jdk.internal.util.Preconditions.checkIndex(Preconditions.java:266)
	at java.base/java.util.Objects.checkIndex(Objects.java:359)
	at java.base/java.util.ArrayList.get(ArrayList.java:427)
	at com.fengye.service.MemberService.SelectByMobile(MemberService.java:63)
	at com.fengye.service.MemberService.sendCode(MemberService.java:44)
	at com.fengye.controller.MemberController.register(MemberController.java:35)
	at java.base/jdk.internal.reflect.NativeMethodAccessorImpl.invoke0(Native Method)
	at java.base/jdk.internal.reflect.NativeMethodAccessorImpl.invoke(NativeMethodAccessorImpl.java:77)
	at java.base/jdk.internal.reflect.DelegatingMethodAccessorImpl.invoke(DelegatingMethodAccessorImpl.java:43)
	at java.base/java.lang.reflect.Method.invoke(Method.java:568)
	at org.springframework.aop.support.AopUtils.invokeJoinpointUsingReflection(AopUtils.java:359)
	at org.springframework.aop.framework.ReflectiveMethodInvocation.invokeJoinpoint(ReflectiveMethodInvocation.java:196)
	at org.springframework.aop.framework.ReflectiveMethodInvocation.proceed(ReflectiveMethodInvocation.java:163)
	at org.springframework.aop.framework.adapter.MethodBeforeAdviceInterceptor.invoke(MethodBeforeAdviceInterceptor.java:58)
	at org.springframework.aop.framework.ReflectiveMethodInvocation.proceed(ReflectiveMethodInvocation.java:184)
	at org.springframework.aop.aspectj.MethodInvocationProceedingJoinPoint.proceed(MethodInvocationProceedingJoinPoint.java:89)
	at com.fengye.common.aspect.LogAspect.doAround(LogAspect.java:78)
	at java.base/jdk.internal.reflect.NativeMethodAccessorImpl.invoke0(Native Method)
	at java.base/jdk.internal.reflect.NativeMethodAccessorImpl.invoke(NativeMethodAccessorImpl.java:77)
	at java.base/jdk.internal.reflect.DelegatingMethodAccessorImpl.invoke(DelegatingMethodAccessorImpl.java:43)
	at java.base/java.lang.reflect.Method.invoke(Method.java:568)
	at org.springframework.aop.aspectj.AbstractAspectJAdvice.invokeAdviceMethodWithGivenArgs(AbstractAspectJAdvice.java:642)
	at org.springframework.aop.aspectj.AbstractAspectJAdvice.invokeAdviceMethod(AbstractAspectJAdvice.java:632)
	at org.springframework.aop.aspectj.AspectJAroundAdvice.invoke(AspectJAroundAdvice.java:71)
	at org.springframework.aop.framework.ReflectiveMethodInvocation.proceed(ReflectiveMethodInvocation.java:184)
	at org.springframework.aop.interceptor.ExposeInvocationInterceptor.invoke(ExposeInvocationInterceptor.java:97)
	at org.springframework.aop.framework.ReflectiveMethodInvocation.proceed(ReflectiveMethodInvocation.java:184)
	at org.springframework.aop.framework.CglibAopProxy$DynamicAdvisedInterceptor.intercept(CglibAopProxy.java:727)
	at com.fengye.controller.MemberController$$SpringCGLIB$$0.register(<generated>)
	at java.base/jdk.internal.reflect.NativeMethodAccessorImpl.invoke0(Native Method)
	at java.base/jdk.internal.reflect.NativeMethodAccessorImpl.invoke(NativeMethodAccessorImpl.java:77)
	at java.base/jdk.internal.reflect.DelegatingMethodAccessorImpl.invoke(DelegatingMethodAccessorImpl.java:43)
	at java.base/java.lang.reflect.Method.invoke(Method.java:568)
	at org.springframework.web.method.support.InvocableHandlerMethod.doInvoke(InvocableHandlerMethod.java:257)
	at org.springframework.web.method.support.InvocableHandlerMethod.invokeForRequest(InvocableHandlerMethod.java:190)
	at org.springframework.web.servlet.mvc.method.annotation.ServletInvocableHandlerMethod.invokeAndHandle(ServletInvocableHandlerMethod.java:118)
	at org.springframework.web.servlet.mvc.method.annotation.RequestMappingHandlerAdapter.invokeHandlerMethod(RequestMappingHandlerAdapter.java:986)
	at org.springframework.web.servlet.mvc.method.annotation.RequestMappingHandlerAdapter.handleInternal(RequestMappingHandlerAdapter.java:891)
	at org.springframework.web.servlet.mvc.method.AbstractHandlerMethodAdapter.handle(AbstractHandlerMethodAdapter.java:87)
	at org.springframework.web.servlet.DispatcherServlet.doDispatch(DispatcherServlet.java:1088)
	at org.springframework.web.servlet.DispatcherServlet.doService(DispatcherServlet.java:978)
	at org.springframework.web.servlet.FrameworkServlet.processRequest(FrameworkServlet.java:1014)
	at org.springframework.web.servlet.FrameworkServlet.doPost(FrameworkServlet.java:914)
	at jakarta.servlet.http.HttpServlet.service(HttpServlet.java:590)
	at org.springframework.web.servlet.FrameworkServlet.service(FrameworkServlet.java:885)
	at jakarta.servlet.http.HttpServlet.service(HttpServlet.java:658)
	at org.apache.catalina.core.ApplicationFilterChain.internalDoFilter(ApplicationFilterChain.java:195)
	at org.apache.catalina.core.ApplicationFilterChain.doFilter(ApplicationFilterChain.java:140)
	at org.apache.tomcat.websocket.server.WsFilter.doFilter(WsFilter.java:51)
	at org.apache.catalina.core.ApplicationFilterChain.internalDoFilter(ApplicationFilterChain.java:164)
	at org.apache.catalina.core.ApplicationFilterChain.doFilter(ApplicationFilterChain.java:140)
	at org.springframework.web.filter.RequestContextFilter.doFilterInternal(RequestContextFilter.java:100)
	at org.springframework.web.filter.OncePerRequestFilter.doFilter(OncePerRequestFilter.java:116)
	at org.apache.catalina.core.ApplicationFilterChain.internalDoFilter(ApplicationFilterChain.java:164)
	at org.apache.catalina.core.ApplicationFilterChain.doFilter(ApplicationFilterChain.java:140)
	at org.springframework.web.filter.FormContentFilter.doFilterInternal(FormContentFilter.java:93)
	at org.springframework.web.filter.OncePerRequestFilter.doFilter(OncePerRequestFilter.java:116)
	at org.apache.catalina.core.ApplicationFilterChain.internalDoFilter(ApplicationFilterChain.java:164)
	at org.apache.catalina.core.ApplicationFilterChain.doFilter(ApplicationFilterChain.java:140)
	at org.springframework.web.filter.CharacterEncodingFilter.doFilterInternal(CharacterEncodingFilter.java:201)
	at org.springframework.web.filter.OncePerRequestFilter.doFilter(OncePerRequestFilter.java:116)
	at org.apache.catalina.core.ApplicationFilterChain.internalDoFilter(ApplicationFilterChain.java:164)
	at org.apache.catalina.core.ApplicationFilterChain.doFilter(ApplicationFilterChain.java:140)
	at org.apache.catalina.core.StandardWrapperValve.invoke(StandardWrapperValve.java:167)
	at org.apache.catalina.core.StandardContextValve.invoke(StandardContextValve.java:90)
	at org.apache.catalina.authenticator.AuthenticatorBase.invoke(AuthenticatorBase.java:483)
	at org.apache.catalina.core.StandardHostValve.invoke(StandardHostValve.java:115)
	at org.apache.catalina.valves.ErrorReportValve.invoke(ErrorReportValve.java:93)
	at org.apache.catalina.core.StandardEngineValve.invoke(StandardEngineValve.java:74)
	at org.apache.catalina.connector.CoyoteAdapter.service(CoyoteAdapter.java:344)
	at org.apache.coyote.http11.Http11Processor.service(Http11Processor.java:397)
	at org.apache.coyote.AbstractProcessorLight.process(AbstractProcessorLight.java:63)
	at org.apache.coyote.AbstractProtocol$ConnectionHandler.process(AbstractProtocol.java:905)
	at org.apache.tomcat.util.net.NioEndpoint$SocketProcessor.doRun(NioEndpoint.java:1743)
	at org.apache.tomcat.util.net.SocketProcessorBase.run(SocketProcessorBase.java:52)
	at org.apache.tomcat.util.threads.ThreadPoolExecutor.runWorker(ThreadPoolExecutor.java:1190)
	at org.apache.tomcat.util.threads.ThreadPoolExecutor$Worker.run(ThreadPoolExecutor.java:659)
	at org.apache.tomcat.util.threads.TaskThread$WrappingRunnable.run(TaskThread.java:63)
	at java.base/java.lang.Thread.run(Thread.java:833)
2025-03-02 16:30:12.924 INFO  com.fengye.common.aspect.LogAspect                :48   [32m                  [0;39m ------------- 开始 -------------
2025-03-02 16:30:12.925 INFO  com.fengye.common.aspect.LogAspect                :49   [32m                  [0;39m 请求地址: http://127.0.0.1:8081/member/member/send-code POST
2025-03-02 16:30:12.925 INFO  com.fengye.common.aspect.LogAspect                :50   [32m                  [0;39m 类名方法: com.fengye.controller.MemberController.register
2025-03-02 16:30:12.925 INFO  com.fengye.common.aspect.LogAspect                :51   [32m                  [0;39m 远程地址: 127.0.0.1
2025-03-02 16:30:12.925 INFO  com.fengye.common.aspect.LogAspect                :72   [32m                  [0;39m 请求参数: [{"mobile":"13411112222"}]
2025-03-02 16:30:12.961 ERROR c.f.common.controller.ControllerExceptionHandler  :34   [32m                  [0;39m 系统异常：
java.lang.IndexOutOfBoundsException: Index 0 out of bounds for length 0
	at java.base/jdk.internal.util.Preconditions.outOfBounds(Preconditions.java:64)
	at java.base/jdk.internal.util.Preconditions.outOfBoundsCheckIndex(Preconditions.java:70)
	at java.base/jdk.internal.util.Preconditions.checkIndex(Preconditions.java:266)
	at java.base/java.util.Objects.checkIndex(Objects.java:359)
	at java.base/java.util.ArrayList.get(ArrayList.java:427)
	at com.fengye.service.MemberService.SelectByMobile(MemberService.java:63)
	at com.fengye.service.MemberService.sendCode(MemberService.java:44)
	at com.fengye.controller.MemberController.register(MemberController.java:35)
	at java.base/jdk.internal.reflect.NativeMethodAccessorImpl.invoke0(Native Method)
	at java.base/jdk.internal.reflect.NativeMethodAccessorImpl.invoke(NativeMethodAccessorImpl.java:77)
	at java.base/jdk.internal.reflect.DelegatingMethodAccessorImpl.invoke(DelegatingMethodAccessorImpl.java:43)
	at java.base/java.lang.reflect.Method.invoke(Method.java:568)
	at org.springframework.aop.support.AopUtils.invokeJoinpointUsingReflection(AopUtils.java:359)
	at org.springframework.aop.framework.ReflectiveMethodInvocation.invokeJoinpoint(ReflectiveMethodInvocation.java:196)
	at org.springframework.aop.framework.ReflectiveMethodInvocation.proceed(ReflectiveMethodInvocation.java:163)
	at org.springframework.aop.framework.adapter.MethodBeforeAdviceInterceptor.invoke(MethodBeforeAdviceInterceptor.java:58)
	at org.springframework.aop.framework.ReflectiveMethodInvocation.proceed(ReflectiveMethodInvocation.java:184)
	at org.springframework.aop.aspectj.MethodInvocationProceedingJoinPoint.proceed(MethodInvocationProceedingJoinPoint.java:89)
	at com.fengye.common.aspect.LogAspect.doAround(LogAspect.java:78)
	at java.base/jdk.internal.reflect.NativeMethodAccessorImpl.invoke0(Native Method)
	at java.base/jdk.internal.reflect.NativeMethodAccessorImpl.invoke(NativeMethodAccessorImpl.java:77)
	at java.base/jdk.internal.reflect.DelegatingMethodAccessorImpl.invoke(DelegatingMethodAccessorImpl.java:43)
	at java.base/java.lang.reflect.Method.invoke(Method.java:568)
	at org.springframework.aop.aspectj.AbstractAspectJAdvice.invokeAdviceMethodWithGivenArgs(AbstractAspectJAdvice.java:642)
	at org.springframework.aop.aspectj.AbstractAspectJAdvice.invokeAdviceMethod(AbstractAspectJAdvice.java:632)
	at org.springframework.aop.aspectj.AspectJAroundAdvice.invoke(AspectJAroundAdvice.java:71)
	at org.springframework.aop.framework.ReflectiveMethodInvocation.proceed(ReflectiveMethodInvocation.java:184)
	at org.springframework.aop.interceptor.ExposeInvocationInterceptor.invoke(ExposeInvocationInterceptor.java:97)
	at org.springframework.aop.framework.ReflectiveMethodInvocation.proceed(ReflectiveMethodInvocation.java:184)
	at org.springframework.aop.framework.CglibAopProxy$DynamicAdvisedInterceptor.intercept(CglibAopProxy.java:727)
	at com.fengye.controller.MemberController$$SpringCGLIB$$0.register(<generated>)
	at java.base/jdk.internal.reflect.NativeMethodAccessorImpl.invoke0(Native Method)
	at java.base/jdk.internal.reflect.NativeMethodAccessorImpl.invoke(NativeMethodAccessorImpl.java:77)
	at java.base/jdk.internal.reflect.DelegatingMethodAccessorImpl.invoke(DelegatingMethodAccessorImpl.java:43)
	at java.base/java.lang.reflect.Method.invoke(Method.java:568)
	at org.springframework.web.method.support.InvocableHandlerMethod.doInvoke(InvocableHandlerMethod.java:257)
	at org.springframework.web.method.support.InvocableHandlerMethod.invokeForRequest(InvocableHandlerMethod.java:190)
	at org.springframework.web.servlet.mvc.method.annotation.ServletInvocableHandlerMethod.invokeAndHandle(ServletInvocableHandlerMethod.java:118)
	at org.springframework.web.servlet.mvc.method.annotation.RequestMappingHandlerAdapter.invokeHandlerMethod(RequestMappingHandlerAdapter.java:986)
	at org.springframework.web.servlet.mvc.method.annotation.RequestMappingHandlerAdapter.handleInternal(RequestMappingHandlerAdapter.java:891)
	at org.springframework.web.servlet.mvc.method.AbstractHandlerMethodAdapter.handle(AbstractHandlerMethodAdapter.java:87)
	at org.springframework.web.servlet.DispatcherServlet.doDispatch(DispatcherServlet.java:1088)
	at org.springframework.web.servlet.DispatcherServlet.doService(DispatcherServlet.java:978)
	at org.springframework.web.servlet.FrameworkServlet.processRequest(FrameworkServlet.java:1014)
	at org.springframework.web.servlet.FrameworkServlet.doPost(FrameworkServlet.java:914)
	at jakarta.servlet.http.HttpServlet.service(HttpServlet.java:590)
	at org.springframework.web.servlet.FrameworkServlet.service(FrameworkServlet.java:885)
	at jakarta.servlet.http.HttpServlet.service(HttpServlet.java:658)
	at org.apache.catalina.core.ApplicationFilterChain.internalDoFilter(ApplicationFilterChain.java:195)
	at org.apache.catalina.core.ApplicationFilterChain.doFilter(ApplicationFilterChain.java:140)
	at org.apache.tomcat.websocket.server.WsFilter.doFilter(WsFilter.java:51)
	at org.apache.catalina.core.ApplicationFilterChain.internalDoFilter(ApplicationFilterChain.java:164)
	at org.apache.catalina.core.ApplicationFilterChain.doFilter(ApplicationFilterChain.java:140)
	at org.springframework.web.filter.RequestContextFilter.doFilterInternal(RequestContextFilter.java:100)
	at org.springframework.web.filter.OncePerRequestFilter.doFilter(OncePerRequestFilter.java:116)
	at org.apache.catalina.core.ApplicationFilterChain.internalDoFilter(ApplicationFilterChain.java:164)
	at org.apache.catalina.core.ApplicationFilterChain.doFilter(ApplicationFilterChain.java:140)
	at org.springframework.web.filter.FormContentFilter.doFilterInternal(FormContentFilter.java:93)
	at org.springframework.web.filter.OncePerRequestFilter.doFilter(OncePerRequestFilter.java:116)
	at org.apache.catalina.core.ApplicationFilterChain.internalDoFilter(ApplicationFilterChain.java:164)
	at org.apache.catalina.core.ApplicationFilterChain.doFilter(ApplicationFilterChain.java:140)
	at org.springframework.web.filter.CharacterEncodingFilter.doFilterInternal(CharacterEncodingFilter.java:201)
	at org.springframework.web.filter.OncePerRequestFilter.doFilter(OncePerRequestFilter.java:116)
	at org.apache.catalina.core.ApplicationFilterChain.internalDoFilter(ApplicationFilterChain.java:164)
	at org.apache.catalina.core.ApplicationFilterChain.doFilter(ApplicationFilterChain.java:140)
	at org.apache.catalina.core.StandardWrapperValve.invoke(StandardWrapperValve.java:167)
	at org.apache.catalina.core.StandardContextValve.invoke(StandardContextValve.java:90)
	at org.apache.catalina.authenticator.AuthenticatorBase.invoke(AuthenticatorBase.java:483)
	at org.apache.catalina.core.StandardHostValve.invoke(StandardHostValve.java:115)
	at org.apache.catalina.valves.ErrorReportValve.invoke(ErrorReportValve.java:93)
	at org.apache.catalina.core.StandardEngineValve.invoke(StandardEngineValve.java:74)
	at org.apache.catalina.connector.CoyoteAdapter.service(CoyoteAdapter.java:344)
	at org.apache.coyote.http11.Http11Processor.service(Http11Processor.java:397)
	at org.apache.coyote.AbstractProcessorLight.process(AbstractProcessorLight.java:63)
	at org.apache.coyote.AbstractProtocol$ConnectionHandler.process(AbstractProtocol.java:905)
	at org.apache.tomcat.util.net.NioEndpoint$SocketProcessor.doRun(NioEndpoint.java:1743)
	at org.apache.tomcat.util.net.SocketProcessorBase.run(SocketProcessorBase.java:52)
	at org.apache.tomcat.util.threads.ThreadPoolExecutor.runWorker(ThreadPoolExecutor.java:1190)
	at org.apache.tomcat.util.threads.ThreadPoolExecutor$Worker.run(ThreadPoolExecutor.java:659)
	at org.apache.tomcat.util.threads.TaskThread$WrappingRunnable.run(TaskThread.java:63)
	at java.base/java.lang.Thread.run(Thread.java:833)
2025-03-02 16:32:32.881 INFO  o.s.boot.web.embedded.tomcat.GracefulShutdown     :54   [32m                  [0;39m Commencing graceful shutdown. Waiting for active requests to complete
2025-03-02 16:32:32.928 INFO  o.s.boot.web.embedded.tomcat.GracefulShutdown     :76   [32m                  [0;39m Graceful shutdown complete
2025-03-02 16:32:32.932 INFO  com.zaxxer.hikari.HikariDataSource                :349  [32m                  [0;39m HikariPool-1 - Shutdown initiated...
2025-03-02 16:32:32.939 INFO  com.zaxxer.hikari.HikariDataSource                :351  [32m                  [0;39m HikariPool-1 - Shutdown completed.
2025-03-02 16:32:38.168 INFO  org.hibernate.validator.internal.util.Version     :21   [32m                  [0;39m HV000001: Hibernate Validator 8.0.2.Final
2025-03-02 16:32:38.228 INFO  com.fengye.MemberApplication                      :53   [32m                  [0;39m Starting MemberApplication using Java 17.0.4.1 with PID 4164 (D:\defaultFile\window\study\12306\yiersanlingliu\member\target\classes started by xu148 in D:\defaultFile\window\study\12306\yiersanlingliu)
2025-03-02 16:32:38.229 INFO  com.fengye.MemberApplication                      :652  [32m                  [0;39m No active profile set, falling back to 1 default profile: "default"
2025-03-02 16:32:39.013 INFO  o.springframework.cloud.context.scope.GenericScope:282  [32m                  [0;39m BeanFactory id=6d7d67af-1939-38ab-be56-888d94ec9f93
2025-03-02 16:32:39.495 INFO  o.s.boot.web.embedded.tomcat.TomcatWebServer      :111  [32m                  [0;39m Tomcat initialized with port 8081 (http)
2025-03-02 16:32:39.509 INFO  org.apache.coyote.http11.Http11NioProtocol        :173  [32m                  [0;39m Initializing ProtocolHandler ["http-nio-8081"]
2025-03-02 16:32:39.512 INFO  org.apache.catalina.core.StandardService          :173  [32m                  [0;39m Starting service [Tomcat]
2025-03-02 16:32:39.512 INFO  org.apache.catalina.core.StandardEngine           :173  [32m                  [0;39m Starting Servlet engine: [Apache Tomcat/10.1.36]
2025-03-02 16:32:39.570 INFO  o.a.c.c.C.[Tomcat].[localhost].[/member]          :173  [32m                  [0;39m Initializing Spring embedded WebApplicationContext
2025-03-02 16:32:39.570 INFO  o.s.b.w.s.c.ServletWebServerApplicationContext    :301  [32m                  [0;39m Root WebApplicationContext: initialization completed in 1289 ms
2025-03-02 16:32:41.413 INFO  org.springframework.cloud.commons.util.InetUtils  :170  [32m                  [0;39m Cannot determine local hostname
2025-03-02 16:32:41.461 INFO  org.apache.coyote.http11.Http11NioProtocol        :173  [32m                  [0;39m Starting ProtocolHandler ["http-nio-8081"]
2025-03-02 16:32:41.476 INFO  o.s.boot.web.embedded.tomcat.TomcatWebServer      :243  [32m                  [0;39m Tomcat started on port 8081 (http) with context path '/member'
2025-03-02 16:32:42.567 INFO  org.springframework.cloud.commons.util.InetUtils  :170  [32m                  [0;39m Cannot determine local hostname
2025-03-02 16:32:42.578 INFO  com.fengye.MemberApplication                      :59   [32m                  [0;39m Started MemberApplication in 5.999 seconds (process running for 7.301)
2025-03-02 16:32:42.581 INFO  com.fengye.MemberApplication                      :26   [32m                  [0;39m 启动成功！！
2025-03-02 16:32:42.581 INFO  com.fengye.MemberApplication                      :27   [32m                  [0;39m 测试地址: 	http://127.0.0.1:8081/member/hello
2025-03-02 16:32:47.157 INFO  o.a.c.c.C.[Tomcat].[localhost].[/member]          :173  [32m                  [0;39m Initializing Spring DispatcherServlet 'dispatcherServlet'
2025-03-02 16:32:47.158 INFO  org.springframework.web.servlet.DispatcherServlet :532  [32m                  [0;39m Initializing Servlet 'dispatcherServlet'
2025-03-02 16:32:47.160 INFO  org.springframework.web.servlet.DispatcherServlet :554  [32m                  [0;39m Completed initialization in 2 ms
2025-03-02 16:32:47.244 INFO  com.fengye.common.aspect.LogAspect                :48   [32m                  [0;39m ------------- 开始 -------------
2025-03-02 16:32:47.245 INFO  com.fengye.common.aspect.LogAspect                :49   [32m                  [0;39m 请求地址: http://127.0.0.1:8081/member/member/send-code POST
2025-03-02 16:32:47.246 INFO  com.fengye.common.aspect.LogAspect                :50   [32m                  [0;39m 类名方法: com.fengye.controller.MemberController.sendCode
2025-03-02 16:32:47.246 INFO  com.fengye.common.aspect.LogAspect                :51   [32m                  [0;39m 远程地址: 127.0.0.1
2025-03-02 16:32:47.293 INFO  com.fengye.common.aspect.LogAspect                :72   [32m                  [0;39m 请求参数: [{"mobile":"13411112222"}]
2025-03-02 16:32:47.340 INFO  com.zaxxer.hikari.HikariDataSource                :109  [32m                  [0;39m HikariPool-1 - Starting...
2025-03-02 16:32:47.619 INFO  com.zaxxer.hikari.pool.HikariPool                 :554  [32m                  [0;39m HikariPool-1 - Added connection com.mysql.cj.jdbc.ConnectionImpl@41f5b232
2025-03-02 16:32:47.621 INFO  com.zaxxer.hikari.HikariDataSource                :122  [32m                  [0;39m HikariPool-1 - Start completed.
2025-03-02 16:32:47.726 INFO  com.fengye.common.aspect.LogAspect                :84   [32m                  [0;39m 返回结果: {"success":true}
2025-03-02 16:32:47.727 INFO  com.fengye.common.aspect.LogAspect                :85   [32m                  [0;39m ------------- 结束 耗时：483 ms -------------
2025-03-02 16:47:01.364 ERROR c.f.common.controller.ControllerExceptionHandler  :34   [32m                  [0;39m 系统异常：
org.springframework.web.servlet.resource.NoResourceFoundException: No static resource member/login.
	at org.springframework.web.servlet.resource.ResourceHttpRequestHandler.handleRequest(ResourceHttpRequestHandler.java:585)
	at org.springframework.web.servlet.mvc.HttpRequestHandlerAdapter.handle(HttpRequestHandlerAdapter.java:52)
	at org.springframework.web.servlet.DispatcherServlet.doDispatch(DispatcherServlet.java:1088)
	at org.springframework.web.servlet.DispatcherServlet.doService(DispatcherServlet.java:978)
	at org.springframework.web.servlet.FrameworkServlet.processRequest(FrameworkServlet.java:1014)
	at org.springframework.web.servlet.FrameworkServlet.doPost(FrameworkServlet.java:914)
	at jakarta.servlet.http.HttpServlet.service(HttpServlet.java:590)
	at org.springframework.web.servlet.FrameworkServlet.service(FrameworkServlet.java:885)
	at jakarta.servlet.http.HttpServlet.service(HttpServlet.java:658)
	at org.apache.catalina.core.ApplicationFilterChain.internalDoFilter(ApplicationFilterChain.java:195)
	at org.apache.catalina.core.ApplicationFilterChain.doFilter(ApplicationFilterChain.java:140)
	at org.apache.tomcat.websocket.server.WsFilter.doFilter(WsFilter.java:51)
	at org.apache.catalina.core.ApplicationFilterChain.internalDoFilter(ApplicationFilterChain.java:164)
	at org.apache.catalina.core.ApplicationFilterChain.doFilter(ApplicationFilterChain.java:140)
	at org.springframework.web.filter.RequestContextFilter.doFilterInternal(RequestContextFilter.java:100)
	at org.springframework.web.filter.OncePerRequestFilter.doFilter(OncePerRequestFilter.java:116)
	at org.apache.catalina.core.ApplicationFilterChain.internalDoFilter(ApplicationFilterChain.java:164)
	at org.apache.catalina.core.ApplicationFilterChain.doFilter(ApplicationFilterChain.java:140)
	at org.springframework.web.filter.FormContentFilter.doFilterInternal(FormContentFilter.java:93)
	at org.springframework.web.filter.OncePerRequestFilter.doFilter(OncePerRequestFilter.java:116)
	at org.apache.catalina.core.ApplicationFilterChain.internalDoFilter(ApplicationFilterChain.java:164)
	at org.apache.catalina.core.ApplicationFilterChain.doFilter(ApplicationFilterChain.java:140)
	at org.springframework.web.filter.CharacterEncodingFilter.doFilterInternal(CharacterEncodingFilter.java:201)
	at org.springframework.web.filter.OncePerRequestFilter.doFilter(OncePerRequestFilter.java:116)
	at org.apache.catalina.core.ApplicationFilterChain.internalDoFilter(ApplicationFilterChain.java:164)
	at org.apache.catalina.core.ApplicationFilterChain.doFilter(ApplicationFilterChain.java:140)
	at org.apache.catalina.core.StandardWrapperValve.invoke(StandardWrapperValve.java:167)
	at org.apache.catalina.core.StandardContextValve.invoke(StandardContextValve.java:90)
	at org.apache.catalina.authenticator.AuthenticatorBase.invoke(AuthenticatorBase.java:483)
	at org.apache.catalina.core.StandardHostValve.invoke(StandardHostValve.java:115)
	at org.apache.catalina.valves.ErrorReportValve.invoke(ErrorReportValve.java:93)
	at org.apache.catalina.core.StandardEngineValve.invoke(StandardEngineValve.java:74)
	at org.apache.catalina.connector.CoyoteAdapter.service(CoyoteAdapter.java:344)
	at org.apache.coyote.http11.Http11Processor.service(Http11Processor.java:397)
	at org.apache.coyote.AbstractProcessorLight.process(AbstractProcessorLight.java:63)
	at org.apache.coyote.AbstractProtocol$ConnectionHandler.process(AbstractProtocol.java:905)
	at org.apache.tomcat.util.net.NioEndpoint$SocketProcessor.doRun(NioEndpoint.java:1743)
	at org.apache.tomcat.util.net.SocketProcessorBase.run(SocketProcessorBase.java:52)
	at org.apache.tomcat.util.threads.ThreadPoolExecutor.runWorker(ThreadPoolExecutor.java:1190)
	at org.apache.tomcat.util.threads.ThreadPoolExecutor$Worker.run(ThreadPoolExecutor.java:659)
	at org.apache.tomcat.util.threads.TaskThread$WrappingRunnable.run(TaskThread.java:63)
	at java.base/java.lang.Thread.run(Thread.java:833)
2025-03-02 16:47:15.231 INFO  o.s.boot.web.embedded.tomcat.GracefulShutdown     :54   [32m                  [0;39m Commencing graceful shutdown. Waiting for active requests to complete
2025-03-02 16:47:15.276 INFO  o.s.boot.web.embedded.tomcat.GracefulShutdown     :76   [32m                  [0;39m Graceful shutdown complete
2025-03-02 16:47:15.280 INFO  com.zaxxer.hikari.HikariDataSource                :349  [32m                  [0;39m HikariPool-1 - Shutdown initiated...
2025-03-02 16:47:15.286 INFO  com.zaxxer.hikari.HikariDataSource                :351  [32m                  [0;39m HikariPool-1 - Shutdown completed.
2025-03-02 16:47:20.801 INFO  org.hibernate.validator.internal.util.Version     :21   [32m                  [0;39m HV000001: Hibernate Validator 8.0.2.Final
2025-03-02 16:47:20.845 INFO  com.fengye.MemberApplication                      :53   [32m                  [0;39m Starting MemberApplication using Java 17.0.4.1 with PID 15148 (D:\defaultFile\window\study\12306\yiersanlingliu\member\target\classes started by xu148 in D:\defaultFile\window\study\12306\yiersanlingliu)
2025-03-02 16:47:20.845 INFO  com.fengye.MemberApplication                      :652  [32m                  [0;39m No active profile set, falling back to 1 default profile: "default"
2025-03-02 16:47:21.494 INFO  o.springframework.cloud.context.scope.GenericScope:282  [32m                  [0;39m BeanFactory id=6d7d67af-1939-38ab-be56-888d94ec9f93
2025-03-02 16:47:21.885 INFO  o.s.boot.web.embedded.tomcat.TomcatWebServer      :111  [32m                  [0;39m Tomcat initialized with port 8081 (http)
2025-03-02 16:47:21.895 INFO  org.apache.coyote.http11.Http11NioProtocol        :173  [32m                  [0;39m Initializing ProtocolHandler ["http-nio-8081"]
2025-03-02 16:47:21.896 INFO  org.apache.catalina.core.StandardService          :173  [32m                  [0;39m Starting service [Tomcat]
2025-03-02 16:47:21.896 INFO  org.apache.catalina.core.StandardEngine           :173  [32m                  [0;39m Starting Servlet engine: [Apache Tomcat/10.1.36]
2025-03-02 16:47:21.941 INFO  o.a.c.c.C.[Tomcat].[localhost].[/member]          :173  [32m                  [0;39m Initializing Spring embedded WebApplicationContext
2025-03-02 16:47:21.941 INFO  o.s.b.w.s.c.ServletWebServerApplicationContext    :301  [32m                  [0;39m Root WebApplicationContext: initialization completed in 1059 ms
2025-03-02 16:47:23.665 INFO  org.springframework.cloud.commons.util.InetUtils  :170  [32m                  [0;39m Cannot determine local hostname
2025-03-02 16:47:23.709 INFO  org.apache.coyote.http11.Http11NioProtocol        :173  [32m                  [0;39m Starting ProtocolHandler ["http-nio-8081"]
2025-03-02 16:47:23.723 INFO  o.s.boot.web.embedded.tomcat.TomcatWebServer      :243  [32m                  [0;39m Tomcat started on port 8081 (http) with context path '/member'
2025-03-02 16:47:24.819 INFO  org.springframework.cloud.commons.util.InetUtils  :170  [32m                  [0;39m Cannot determine local hostname
2025-03-02 16:47:24.827 INFO  com.fengye.MemberApplication                      :59   [32m                  [0;39m Started MemberApplication in 5.606 seconds (process running for 6.139)
2025-03-02 16:47:24.830 INFO  com.fengye.MemberApplication                      :26   [32m                  [0;39m 启动成功！！
2025-03-02 16:47:24.831 INFO  com.fengye.MemberApplication                      :27   [32m                  [0;39m 测试地址: 	http://127.0.0.1:8081/member/hello
2025-03-02 16:47:28.630 INFO  o.a.c.c.C.[Tomcat].[localhost].[/member]          :173  [32m                  [0;39m Initializing Spring DispatcherServlet 'dispatcherServlet'
2025-03-02 16:47:28.631 INFO  org.springframework.web.servlet.DispatcherServlet :532  [32m                  [0;39m Initializing Servlet 'dispatcherServlet'
2025-03-02 16:47:28.632 INFO  org.springframework.web.servlet.DispatcherServlet :554  [32m                  [0;39m Completed initialization in 1 ms
2025-03-02 16:47:28.720 INFO  com.fengye.common.aspect.LogAspect                :48   [32m                  [0;39m ------------- 开始 -------------
2025-03-02 16:47:28.721 INFO  com.fengye.common.aspect.LogAspect                :49   [32m                  [0;39m 请求地址: http://127.0.0.1:8081/member/member/login POST
2025-03-02 16:47:28.721 INFO  com.fengye.common.aspect.LogAspect                :50   [32m                  [0;39m 类名方法: com.fengye.controller.MemberController.login
2025-03-02 16:47:28.721 INFO  com.fengye.common.aspect.LogAspect                :51   [32m                  [0;39m 远程地址: 127.0.0.1
2025-03-02 16:47:28.767 INFO  com.fengye.common.aspect.LogAspect                :72   [32m                  [0;39m 请求参数: [{"code":"1234","mobile":"13411112222"}]
2025-03-02 16:47:28.812 INFO  com.zaxxer.hikari.HikariDataSource                :109  [32m                  [0;39m HikariPool-1 - Starting...
2025-03-02 16:47:29.192 INFO  com.zaxxer.hikari.pool.HikariPool                 :554  [32m                  [0;39m HikariPool-1 - Added connection com.mysql.cj.jdbc.ConnectionImpl@54885698
2025-03-02 16:47:29.194 INFO  com.zaxxer.hikari.HikariDataSource                :122  [32m                  [0;39m HikariPool-1 - Start completed.
2025-03-02 16:47:29.249 ERROR c.f.common.controller.ControllerExceptionHandler  :49   [32m                  [0;39m 业务异常：短信验证码错误
2025-03-02 16:47:36.287 INFO  com.fengye.common.aspect.LogAspect                :48   [32m                  [0;39m ------------- 开始 -------------
2025-03-02 16:47:36.287 INFO  com.fengye.common.aspect.LogAspect                :49   [32m                  [0;39m 请求地址: http://127.0.0.1:8081/member/member/login POST
2025-03-02 16:47:36.287 INFO  com.fengye.common.aspect.LogAspect                :50   [32m                  [0;39m 类名方法: com.fengye.controller.MemberController.login
2025-03-02 16:47:36.288 INFO  com.fengye.common.aspect.LogAspect                :51   [32m                  [0;39m 远程地址: 127.0.0.1
2025-03-02 16:47:36.288 INFO  com.fengye.common.aspect.LogAspect                :72   [32m                  [0;39m 请求参数: [{"code":"8888","mobile":"13411112222"}]
2025-03-02 16:47:36.324 INFO  com.fengye.common.aspect.LogAspect                :84   [32m                  [0;39m 返回结果: {"content":{"code":"8888","mobile":"13411112222"},"success":true}
2025-03-02 16:47:36.324 INFO  com.fengye.common.aspect.LogAspect                :85   [32m                  [0;39m ------------- 结束 耗时：37 ms -------------
2025-03-02 18:02:24.266 INFO  o.s.boot.web.embedded.tomcat.GracefulShutdown     :54   [32m                  [0;39m Commencing graceful shutdown. Waiting for active requests to complete
2025-03-02 18:02:24.316 INFO  o.s.boot.web.embedded.tomcat.GracefulShutdown     :76   [32m                  [0;39m Graceful shutdown complete
2025-03-02 18:02:24.324 INFO  com.zaxxer.hikari.HikariDataSource                :349  [32m                  [0;39m HikariPool-1 - Shutdown initiated...
2025-03-02 18:02:24.327 INFO  com.zaxxer.hikari.HikariDataSource                :351  [32m                  [0;39m HikariPool-1 - Shutdown completed.
2025-03-02 18:02:28.642 INFO  org.hibernate.validator.internal.util.Version     :21   [32m                  [0;39m HV000001: Hibernate Validator 8.0.2.Final
2025-03-02 18:02:28.685 INFO  com.fengye.MemberApplication                      :53   [32m                  [0;39m Starting MemberApplication using Java 17.0.4.1 with PID 23596 (D:\defaultFile\window\study\12306\yiersanlingliu\member\target\classes started by xu148 in D:\defaultFile\window\study\12306\yiersanlingliu)
2025-03-02 18:02:28.686 INFO  com.fengye.MemberApplication                      :652  [32m                  [0;39m No active profile set, falling back to 1 default profile: "default"
2025-03-02 18:02:29.311 INFO  o.springframework.cloud.context.scope.GenericScope:282  [32m                  [0;39m BeanFactory id=6d7d67af-1939-38ab-be56-888d94ec9f93
2025-03-02 18:02:29.746 INFO  o.s.boot.web.embedded.tomcat.TomcatWebServer      :111  [32m                  [0;39m Tomcat initialized with port 8081 (http)
2025-03-02 18:02:29.759 INFO  org.apache.coyote.http11.Http11NioProtocol        :173  [32m                  [0;39m Initializing ProtocolHandler ["http-nio-8081"]
2025-03-02 18:02:29.760 INFO  org.apache.catalina.core.StandardService          :173  [32m                  [0;39m Starting service [Tomcat]
2025-03-02 18:02:29.761 INFO  org.apache.catalina.core.StandardEngine           :173  [32m                  [0;39m Starting Servlet engine: [Apache Tomcat/10.1.36]
2025-03-02 18:02:29.817 INFO  o.a.c.c.C.[Tomcat].[localhost].[/member]          :173  [32m                  [0;39m Initializing Spring embedded WebApplicationContext
2025-03-02 18:02:29.818 INFO  o.s.b.w.s.c.ServletWebServerApplicationContext    :301  [32m                  [0;39m Root WebApplicationContext: initialization completed in 1093 ms
2025-03-02 18:02:31.612 INFO  org.springframework.cloud.commons.util.InetUtils  :170  [32m                  [0;39m Cannot determine local hostname
2025-03-02 18:02:31.656 INFO  org.apache.coyote.http11.Http11NioProtocol        :173  [32m                  [0;39m Starting ProtocolHandler ["http-nio-8081"]
2025-03-02 18:02:31.671 INFO  o.s.boot.web.embedded.tomcat.TomcatWebServer      :243  [32m                  [0;39m Tomcat started on port 8081 (http) with context path '/member'
2025-03-02 18:02:32.768 INFO  org.springframework.cloud.commons.util.InetUtils  :170  [32m                  [0;39m Cannot determine local hostname
2025-03-02 18:02:32.781 INFO  com.fengye.MemberApplication                      :59   [32m                  [0;39m Started MemberApplication in 5.714 seconds (process running for 6.276)
2025-03-02 18:02:32.784 INFO  com.fengye.MemberApplication                      :26   [32m                  [0;39m 启动成功！！
2025-03-02 18:02:32.785 INFO  com.fengye.MemberApplication                      :27   [32m                  [0;39m 测试地址: 	http://127.0.0.1:8081/member/hello
2025-03-02 18:03:20.686 INFO  o.a.c.c.C.[Tomcat].[localhost].[/member]          :173  [32m                  [0;39m Initializing Spring DispatcherServlet 'dispatcherServlet'
2025-03-02 18:03:20.687 INFO  org.springframework.web.servlet.DispatcherServlet :532  [32m                  [0;39m Initializing Servlet 'dispatcherServlet'
2025-03-02 18:03:20.688 INFO  org.springframework.web.servlet.DispatcherServlet :554  [32m                  [0;39m Completed initialization in 1 ms
2025-03-02 18:03:20.821 INFO  com.fengye.common.aspect.LogAspect                :48   [32m                  [0;39m ------------- 开始 -------------
2025-03-02 18:03:20.822 INFO  com.fengye.common.aspect.LogAspect                :49   [32m                  [0;39m 请求地址: http://127.0.0.1:8081/member/member/send-code POST
2025-03-02 18:03:20.822 INFO  com.fengye.common.aspect.LogAspect                :50   [32m                  [0;39m 类名方法: com.fengye.controller.MemberController.sendCode
2025-03-02 18:03:20.823 INFO  com.fengye.common.aspect.LogAspect                :51   [32m                  [0;39m 远程地址: 127.0.0.1
2025-03-02 18:03:20.880 INFO  com.fengye.common.aspect.LogAspect                :72   [32m                  [0;39m 请求参数: [{"mobile":"13000000000"}]
2025-03-02 18:03:20.949 INFO  com.zaxxer.hikari.HikariDataSource                :109  [32m                  [0;39m HikariPool-1 - Starting...
2025-03-02 18:03:21.372 INFO  com.zaxxer.hikari.pool.HikariPool                 :554  [32m                  [0;39m HikariPool-1 - Added connection com.mysql.cj.jdbc.ConnectionImpl@1de17332
2025-03-02 18:03:21.378 INFO  com.zaxxer.hikari.HikariDataSource                :122  [32m                  [0;39m HikariPool-1 - Start completed.
2025-03-02 18:03:21.546 INFO  com.fengye.common.aspect.LogAspect                :84   [32m                  [0;39m 返回结果: {"success":true}
2025-03-02 18:03:21.547 INFO  com.fengye.common.aspect.LogAspect                :85   [32m                  [0;39m ------------- 结束 耗时：726 ms -------------
2025-03-02 18:03:26.107 INFO  com.fengye.common.aspect.LogAspect                :48   [32m                  [0;39m ------------- 开始 -------------
2025-03-02 18:03:26.108 INFO  com.fengye.common.aspect.LogAspect                :49   [32m                  [0;39m 请求地址: http://127.0.0.1:8081/member/member/login POST
2025-03-02 18:03:26.108 INFO  com.fengye.common.aspect.LogAspect                :50   [32m                  [0;39m 类名方法: com.fengye.controller.MemberController.login
2025-03-02 18:03:26.108 INFO  com.fengye.common.aspect.LogAspect                :51   [32m                  [0;39m 远程地址: 127.0.0.1
2025-03-02 18:03:26.111 INFO  com.fengye.common.aspect.LogAspect                :72   [32m                  [0;39m 请求参数: [{"code":"8888","mobile":"13000000000"}]
2025-03-02 18:03:26.152 INFO  com.fengye.common.aspect.LogAspect                :84   [32m                  [0;39m 返回结果: {"content":{"code":"8888","mobile":"13000000000"},"success":true}
2025-03-02 18:03:26.153 INFO  com.fengye.common.aspect.LogAspect                :85   [32m                  [0;39m ------------- 结束 耗时：46 ms -------------
2025-03-02 18:04:12.407 INFO  com.fengye.common.aspect.LogAspect                :48   [32m                  [0;39m ------------- 开始 -------------
2025-03-02 18:04:12.407 INFO  com.fengye.common.aspect.LogAspect                :49   [32m                  [0;39m 请求地址: http://127.0.0.1:8081/member/member/login POST
2025-03-02 18:04:12.407 INFO  com.fengye.common.aspect.LogAspect                :50   [32m                  [0;39m 类名方法: com.fengye.controller.MemberController.login
2025-03-02 18:04:12.407 INFO  com.fengye.common.aspect.LogAspect                :51   [32m                  [0;39m 远程地址: 127.0.0.1
2025-03-02 18:04:12.408 INFO  com.fengye.common.aspect.LogAspect                :72   [32m                  [0;39m 请求参数: [{"code":"8888","mobile":"13000000000"}]
2025-03-02 18:04:12.446 INFO  com.fengye.common.aspect.LogAspect                :84   [32m                  [0;39m 返回结果: {"content":{"code":"8888","mobile":"13000000000"},"success":true}
2025-03-02 18:04:12.446 INFO  com.fengye.common.aspect.LogAspect                :85   [32m                  [0;39m ------------- 结束 耗时：39 ms -------------
2025-03-02 18:04:26.174 INFO  com.fengye.common.aspect.LogAspect                :48   [32m                  [0;39m ------------- 开始 -------------
2025-03-02 18:04:26.175 INFO  com.fengye.common.aspect.LogAspect                :49   [32m                  [0;39m 请求地址: http://127.0.0.1:8081/member/member/login POST
2025-03-02 18:04:26.175 INFO  com.fengye.common.aspect.LogAspect                :50   [32m                  [0;39m 类名方法: com.fengye.controller.MemberController.login
2025-03-02 18:04:26.175 INFO  com.fengye.common.aspect.LogAspect                :51   [32m                  [0;39m 远程地址: 127.0.0.1
2025-03-02 18:04:26.175 INFO  com.fengye.common.aspect.LogAspect                :72   [32m                  [0;39m 请求参数: [{"code":"8888","mobile":"13000000000"}]
2025-03-02 18:04:26.213 INFO  com.fengye.common.aspect.LogAspect                :84   [32m                  [0;39m 返回结果: {"content":{"code":"8888","mobile":"13000000000"},"success":true}
2025-03-02 18:04:26.214 INFO  com.fengye.common.aspect.LogAspect                :85   [32m                  [0;39m ------------- 结束 耗时：40 ms -------------
2025-03-02 18:04:50.369 INFO  com.fengye.common.aspect.LogAspect                :48   [32m                  [0;39m ------------- 开始 -------------
2025-03-02 18:04:50.369 INFO  com.fengye.common.aspect.LogAspect                :49   [32m                  [0;39m 请求地址: http://127.0.0.1:8081/member/member/send-code POST
2025-03-02 18:04:50.370 INFO  com.fengye.common.aspect.LogAspect                :50   [32m                  [0;39m 类名方法: com.fengye.controller.MemberController.sendCode
2025-03-02 18:04:50.370 INFO  com.fengye.common.aspect.LogAspect                :51   [32m                  [0;39m 远程地址: 127.0.0.1
2025-03-02 18:04:50.370 INFO  com.fengye.common.aspect.LogAspect                :72   [32m                  [0;39m 请求参数: [{"mobile":"13000000000"}]
2025-03-02 18:04:50.408 INFO  com.fengye.common.aspect.LogAspect                :84   [32m                  [0;39m 返回结果: {"success":true}
2025-03-02 18:04:50.409 INFO  com.fengye.common.aspect.LogAspect                :85   [32m                  [0;39m ------------- 结束 耗时：40 ms -------------
2025-03-02 18:04:51.556 INFO  com.fengye.common.aspect.LogAspect                :48   [32m                  [0;39m ------------- 开始 -------------
2025-03-02 18:04:51.556 INFO  com.fengye.common.aspect.LogAspect                :49   [32m                  [0;39m 请求地址: http://127.0.0.1:8081/member/member/login POST
2025-03-02 18:04:51.557 INFO  com.fengye.common.aspect.LogAspect                :50   [32m                  [0;39m 类名方法: com.fengye.controller.MemberController.login
2025-03-02 18:04:51.557 INFO  com.fengye.common.aspect.LogAspect                :51   [32m                  [0;39m 远程地址: 127.0.0.1
2025-03-02 18:04:51.557 INFO  com.fengye.common.aspect.LogAspect                :72   [32m                  [0;39m 请求参数: [{"code":"8888","mobile":"13000000000"}]
2025-03-02 18:04:51.596 INFO  com.fengye.common.aspect.LogAspect                :84   [32m                  [0;39m 返回结果: {"content":{"code":"8888","mobile":"13000000000"},"success":true}
2025-03-02 18:04:51.597 INFO  com.fengye.common.aspect.LogAspect                :85   [32m                  [0;39m ------------- 结束 耗时：41 ms -------------
2025-03-02 20:08:47.652 INFO  o.s.boot.web.embedded.tomcat.GracefulShutdown     :54   [32m                  [0;39m Commencing graceful shutdown. Waiting for active requests to complete
2025-03-02 20:08:47.717 INFO  o.s.boot.web.embedded.tomcat.GracefulShutdown     :76   [32m                  [0;39m Graceful shutdown complete
2025-03-02 20:08:47.726 INFO  com.zaxxer.hikari.HikariDataSource                :349  [32m                  [0;39m HikariPool-1 - Shutdown initiated...
2025-03-02 20:08:47.730 INFO  com.zaxxer.hikari.HikariDataSource                :351  [32m                  [0;39m HikariPool-1 - Shutdown completed.
2025-03-02 22:42:22.727 INFO  org.hibernate.validator.internal.util.Version     :21   [32m                  [0;39m HV000001: Hibernate Validator 8.0.2.Final
2025-03-02 22:42:22.783 INFO  com.fengye.MemberApplication                      :53   [32m                  [0;39m Starting MemberApplication using Java 17.0.4.1 with PID 13208 (D:\defaultFile\window\study\12306\yiersanlingliu\member\target\classes started by xu148 in D:\defaultFile\window\study\12306\yiersanlingliu)
2025-03-02 22:42:22.784 INFO  com.fengye.MemberApplication                      :652  [32m                  [0;39m No active profile set, falling back to 1 default profile: "default"
2025-03-02 22:42:23.750 INFO  o.springframework.cloud.context.scope.GenericScope:282  [32m                  [0;39m BeanFactory id=36c10489-750f-3278-94ff-6631021e90db
2025-03-02 22:42:24.303 INFO  o.s.boot.web.embedded.tomcat.TomcatWebServer      :111  [32m                  [0;39m Tomcat initialized with port 8081 (http)
2025-03-02 22:42:24.316 INFO  org.apache.coyote.http11.Http11NioProtocol        :173  [32m                  [0;39m Initializing ProtocolHandler ["http-nio-8081"]
2025-03-02 22:42:24.317 INFO  org.apache.catalina.core.StandardService          :173  [32m                  [0;39m Starting service [Tomcat]
2025-03-02 22:42:24.318 INFO  org.apache.catalina.core.StandardEngine           :173  [32m                  [0;39m Starting Servlet engine: [Apache Tomcat/10.1.36]
2025-03-02 22:42:24.379 INFO  o.a.c.c.C.[Tomcat].[localhost].[/member]          :173  [32m                  [0;39m Initializing Spring embedded WebApplicationContext
2025-03-02 22:42:24.380 INFO  o.s.b.w.s.c.ServletWebServerApplicationContext    :301  [32m                  [0;39m Root WebApplicationContext: initialization completed in 1553 ms
2025-03-02 22:42:26.311 INFO  org.springframework.cloud.commons.util.InetUtils  :170  [32m                  [0;39m Cannot determine local hostname
2025-03-02 22:42:26.356 INFO  org.apache.coyote.http11.Http11NioProtocol        :173  [32m                  [0;39m Starting ProtocolHandler ["http-nio-8081"]
2025-03-02 22:42:26.373 INFO  o.s.boot.web.embedded.tomcat.TomcatWebServer      :243  [32m                  [0;39m Tomcat started on port 8081 (http) with context path '/member'
2025-03-02 22:42:27.471 INFO  org.springframework.cloud.commons.util.InetUtils  :170  [32m                  [0;39m Cannot determine local hostname
2025-03-02 22:42:27.482 INFO  com.fengye.MemberApplication                      :59   [32m                  [0;39m Started MemberApplication in 6.523 seconds (process running for 7.347)
2025-03-02 22:42:27.485 INFO  com.fengye.MemberApplication                      :26   [32m                  [0;39m 启动成功！！
2025-03-02 22:42:27.486 INFO  com.fengye.MemberApplication                      :27   [32m                  [0;39m 测试地址: 	http://127.0.0.1:8081/member/hello
2025-03-02 22:50:16.485 INFO  o.s.boot.web.embedded.tomcat.GracefulShutdown     :54   [32m                  [0;39m Commencing graceful shutdown. Waiting for active requests to complete
2025-03-02 22:50:16.529 INFO  o.s.boot.web.embedded.tomcat.GracefulShutdown     :76   [32m                  [0;39m Graceful shutdown complete
2025-03-02 22:50:20.969 INFO  org.hibernate.validator.internal.util.Version     :21   [32m                  [0;39m HV000001: Hibernate Validator 8.0.2.Final
2025-03-02 22:50:21.016 INFO  com.fengye.MemberApplication                      :53   [32m                  [0;39m Starting MemberApplication using Java 17.0.4.1 with PID 8336 (D:\defaultFile\window\study\12306\yiersanlingliu\member\target\classes started by xu148 in D:\defaultFile\window\study\12306\yiersanlingliu)
2025-03-02 22:50:21.017 INFO  com.fengye.MemberApplication                      :652  [32m                  [0;39m No active profile set, falling back to 1 default profile: "default"
2025-03-02 22:50:21.651 INFO  o.springframework.cloud.context.scope.GenericScope:282  [32m                  [0;39m BeanFactory id=36c10489-750f-3278-94ff-6631021e90db
2025-03-02 22:50:22.030 INFO  o.s.boot.web.embedded.tomcat.TomcatWebServer      :111  [32m                  [0;39m Tomcat initialized with port 8081 (http)
2025-03-02 22:50:22.041 INFO  org.apache.coyote.http11.Http11NioProtocol        :173  [32m                  [0;39m Initializing ProtocolHandler ["http-nio-8081"]
2025-03-02 22:50:22.042 INFO  org.apache.catalina.core.StandardService          :173  [32m                  [0;39m Starting service [Tomcat]
2025-03-02 22:50:22.042 INFO  org.apache.catalina.core.StandardEngine           :173  [32m                  [0;39m Starting Servlet engine: [Apache Tomcat/10.1.36]
2025-03-02 22:50:22.091 INFO  o.a.c.c.C.[Tomcat].[localhost].[/member]          :173  [32m                  [0;39m Initializing Spring embedded WebApplicationContext
2025-03-02 22:50:22.092 INFO  o.s.b.w.s.c.ServletWebServerApplicationContext    :301  [32m                  [0;39m Root WebApplicationContext: initialization completed in 1039 ms
2025-03-02 22:50:23.837 INFO  org.springframework.cloud.commons.util.InetUtils  :170  [32m                  [0;39m Cannot determine local hostname
2025-03-02 22:50:23.879 INFO  org.apache.coyote.http11.Http11NioProtocol        :173  [32m                  [0;39m Starting ProtocolHandler ["http-nio-8081"]
2025-03-02 22:50:23.893 INFO  o.s.boot.web.embedded.tomcat.TomcatWebServer      :243  [32m                  [0;39m Tomcat started on port 8081 (http) with context path '/member'
2025-03-02 22:50:25.005 INFO  org.springframework.cloud.commons.util.InetUtils  :170  [32m                  [0;39m Cannot determine local hostname
2025-03-02 22:50:25.018 INFO  com.fengye.MemberApplication                      :59   [32m                  [0;39m Started MemberApplication in 5.622 seconds (process running for 6.179)
2025-03-02 22:50:25.023 INFO  com.fengye.MemberApplication                      :26   [32m                  [0;39m 启动成功！！
2025-03-02 22:50:25.023 INFO  com.fengye.MemberApplication                      :27   [32m                  [0;39m 测试地址: 	http://127.0.0.1:8081/member/hello
2025-03-02 22:52:00.670 INFO  o.a.c.c.C.[Tomcat].[localhost].[/member]          :173  [32m                  [0;39m Initializing Spring DispatcherServlet 'dispatcherServlet'
2025-03-02 22:52:00.670 INFO  org.springframework.web.servlet.DispatcherServlet :532  [32m                  [0;39m Initializing Servlet 'dispatcherServlet'
2025-03-02 22:52:00.671 INFO  org.springframework.web.servlet.DispatcherServlet :554  [32m                  [0;39m Completed initialization in 0 ms
2025-03-02 22:52:00.712 ERROR c.f.common.controller.ControllerExceptionHandler  :34   [32m                  [0;39m 系统异常：
org.springframework.web.HttpMediaTypeNotSupportedException: Content-Type 'application/x-www-form-urlencoded;charset=UTF-8' is not supported
	at org.springframework.web.servlet.mvc.method.annotation.AbstractMessageConverterMethodArgumentResolver.readWithMessageConverters(AbstractMessageConverterMethodArgumentResolver.java:236)
	at org.springframework.web.servlet.mvc.method.annotation.RequestResponseBodyMethodProcessor.readWithMessageConverters(RequestResponseBodyMethodProcessor.java:176)
	at org.springframework.web.servlet.mvc.method.annotation.RequestResponseBodyMethodProcessor.resolveArgument(RequestResponseBodyMethodProcessor.java:150)
	at org.springframework.web.method.support.HandlerMethodArgumentResolverComposite.resolveArgument(HandlerMethodArgumentResolverComposite.java:122)
	at org.springframework.web.method.support.InvocableHandlerMethod.getMethodArgumentValues(InvocableHandlerMethod.java:226)
	at org.springframework.web.method.support.InvocableHandlerMethod.invokeForRequest(InvocableHandlerMethod.java:180)
	at org.springframework.web.servlet.mvc.method.annotation.ServletInvocableHandlerMethod.invokeAndHandle(ServletInvocableHandlerMethod.java:118)
	at org.springframework.web.servlet.mvc.method.annotation.RequestMappingHandlerAdapter.invokeHandlerMethod(RequestMappingHandlerAdapter.java:986)
	at org.springframework.web.servlet.mvc.method.annotation.RequestMappingHandlerAdapter.handleInternal(RequestMappingHandlerAdapter.java:891)
	at org.springframework.web.servlet.mvc.method.AbstractHandlerMethodAdapter.handle(AbstractHandlerMethodAdapter.java:87)
	at org.springframework.web.servlet.DispatcherServlet.doDispatch(DispatcherServlet.java:1088)
	at org.springframework.web.servlet.DispatcherServlet.doService(DispatcherServlet.java:978)
	at org.springframework.web.servlet.FrameworkServlet.processRequest(FrameworkServlet.java:1014)
	at org.springframework.web.servlet.FrameworkServlet.doPost(FrameworkServlet.java:914)
	at jakarta.servlet.http.HttpServlet.service(HttpServlet.java:590)
	at org.springframework.web.servlet.FrameworkServlet.service(FrameworkServlet.java:885)
	at jakarta.servlet.http.HttpServlet.service(HttpServlet.java:658)
	at org.apache.catalina.core.ApplicationFilterChain.internalDoFilter(ApplicationFilterChain.java:195)
	at org.apache.catalina.core.ApplicationFilterChain.doFilter(ApplicationFilterChain.java:140)
	at org.apache.tomcat.websocket.server.WsFilter.doFilter(WsFilter.java:51)
	at org.apache.catalina.core.ApplicationFilterChain.internalDoFilter(ApplicationFilterChain.java:164)
	at org.apache.catalina.core.ApplicationFilterChain.doFilter(ApplicationFilterChain.java:140)
	at org.springframework.web.filter.RequestContextFilter.doFilterInternal(RequestContextFilter.java:100)
	at org.springframework.web.filter.OncePerRequestFilter.doFilter(OncePerRequestFilter.java:116)
	at org.apache.catalina.core.ApplicationFilterChain.internalDoFilter(ApplicationFilterChain.java:164)
	at org.apache.catalina.core.ApplicationFilterChain.doFilter(ApplicationFilterChain.java:140)
	at org.springframework.web.filter.FormContentFilter.doFilterInternal(FormContentFilter.java:93)
	at org.springframework.web.filter.OncePerRequestFilter.doFilter(OncePerRequestFilter.java:116)
	at org.apache.catalina.core.ApplicationFilterChain.internalDoFilter(ApplicationFilterChain.java:164)
	at org.apache.catalina.core.ApplicationFilterChain.doFilter(ApplicationFilterChain.java:140)
	at org.springframework.web.filter.CharacterEncodingFilter.doFilterInternal(CharacterEncodingFilter.java:201)
	at org.springframework.web.filter.OncePerRequestFilter.doFilter(OncePerRequestFilter.java:116)
	at org.apache.catalina.core.ApplicationFilterChain.internalDoFilter(ApplicationFilterChain.java:164)
	at org.apache.catalina.core.ApplicationFilterChain.doFilter(ApplicationFilterChain.java:140)
	at org.apache.catalina.core.StandardWrapperValve.invoke(StandardWrapperValve.java:167)
	at org.apache.catalina.core.StandardContextValve.invoke(StandardContextValve.java:90)
	at org.apache.catalina.authenticator.AuthenticatorBase.invoke(AuthenticatorBase.java:483)
	at org.apache.catalina.core.StandardHostValve.invoke(StandardHostValve.java:115)
	at org.apache.catalina.valves.ErrorReportValve.invoke(ErrorReportValve.java:93)
	at org.apache.catalina.core.StandardEngineValve.invoke(StandardEngineValve.java:74)
	at org.apache.catalina.connector.CoyoteAdapter.service(CoyoteAdapter.java:344)
	at org.apache.coyote.http11.Http11Processor.service(Http11Processor.java:397)
	at org.apache.coyote.AbstractProcessorLight.process(AbstractProcessorLight.java:63)
	at org.apache.coyote.AbstractProtocol$ConnectionHandler.process(AbstractProtocol.java:905)
	at org.apache.tomcat.util.net.NioEndpoint$SocketProcessor.doRun(NioEndpoint.java:1743)
	at org.apache.tomcat.util.net.SocketProcessorBase.run(SocketProcessorBase.java:52)
	at org.apache.tomcat.util.threads.ThreadPoolExecutor.runWorker(ThreadPoolExecutor.java:1190)
	at org.apache.tomcat.util.threads.ThreadPoolExecutor$Worker.run(ThreadPoolExecutor.java:659)
	at org.apache.tomcat.util.threads.TaskThread$WrappingRunnable.run(TaskThread.java:63)
	at java.base/java.lang.Thread.run(Thread.java:833)
2025-03-02 22:53:54.255 INFO  com.fengye.common.aspect.LogAspect                :48   [32m                  [0;39m ------------- 开始 -------------
2025-03-02 22:53:54.256 INFO  com.fengye.common.aspect.LogAspect                :49   [32m                  [0;39m 请求地址: http://127.0.0.1:8081/member/member/login POST
2025-03-02 22:53:54.256 INFO  com.fengye.common.aspect.LogAspect                :50   [32m                  [0;39m 类名方法: com.fengye.controller.MemberController.login
2025-03-02 22:53:54.256 INFO  com.fengye.common.aspect.LogAspect                :51   [32m                  [0;39m 远程地址: 127.0.0.1
2025-03-02 22:53:54.314 INFO  com.fengye.common.aspect.LogAspect                :72   [32m                  [0;39m 请求参数: [{"code":"8888","mobile":"13411112222"}]
2025-03-02 22:53:54.364 INFO  com.zaxxer.hikari.HikariDataSource                :109  [32m                  [0;39m HikariPool-1 - Starting...
2025-03-02 22:53:54.825 INFO  com.zaxxer.hikari.pool.HikariPool                 :554  [32m                  [0;39m HikariPool-1 - Added connection com.mysql.cj.jdbc.ConnectionImpl@546f9c3
2025-03-02 22:53:54.830 INFO  com.zaxxer.hikari.HikariDataSource                :122  [32m                  [0;39m HikariPool-1 - Start completed.
2025-03-02 22:53:54.938 INFO  com.fengye.common.utils.JwtUtil                   :25   [32m                  [0;39m 开始生成JWT token，id：1896116463480213504，mobile：13411112222
2025-03-02 22:53:55.138 INFO  com.fengye.common.utils.JwtUtil                   :40   [32m                  [0;39m 生成JWT token：eyJ0eXAiOiJKV1QiLCJhbGciOiJIUzI1NiJ9.eyJuYmYiOjE3NDA5MjcyMzUsIm1vYmlsZSI6IjEzNDExMTEyMjIyIiwiaWQiOjE4OTYxMTY0NjM0ODAyMTM1MDQsImV4cCI6MTc0MTAxMzYzNSwiaWF0IjoxNzQwOTI3MjM1fQ.TT0UwzGunIXXMaPeNJzOhLjsJnFfCpbGXiOO3J6jnPg
2025-03-02 22:53:55.143 INFO  com.fengye.common.aspect.LogAspect                :84   [32m                  [0;39m 返回结果: {"content":{"id":1896116463480213504,"mobile":"13411112222","token":"eyJ0eXAiOiJKV1QiLCJhbGciOiJIUzI1NiJ9.eyJuYmYiOjE3NDA5MjcyMzUsIm1vYmlsZSI6IjEzNDExMTEyMjIyIiwiaWQiOjE4OTYxMTY0NjM0ODAyMTM1MDQsImV4cCI6MTc0MTAxMzYzNSwiaWF0IjoxNzQwOTI3MjM1fQ.TT0UwzGunIXXMaPeNJzOhLjsJnFfCpbGXiOO3J6jnPg"},"success":true}
2025-03-02 22:53:55.144 INFO  com.fengye.common.aspect.LogAspect                :85   [32m                  [0;39m ------------- 结束 耗时：891 ms -------------
2025-03-02 22:54:08.988 INFO  com.fengye.common.aspect.LogAspect                :48   [32m                  [0;39m ------------- 开始 -------------
2025-03-02 22:54:08.988 INFO  com.fengye.common.aspect.LogAspect                :49   [32m                  [0;39m 请求地址: http://127.0.0.1:8081/member/member/login POST
2025-03-02 22:54:08.988 INFO  com.fengye.common.aspect.LogAspect                :50   [32m                  [0;39m 类名方法: com.fengye.controller.MemberController.login
2025-03-02 22:54:08.989 INFO  com.fengye.common.aspect.LogAspect                :51   [32m                  [0;39m 远程地址: 127.0.0.1
2025-03-02 22:54:08.989 INFO  com.fengye.common.aspect.LogAspect                :72   [32m                  [0;39m 请求参数: [{"code":"8888","mobile":"13000000000"}]
2025-03-02 22:54:09.031 INFO  com.fengye.common.utils.JwtUtil                   :25   [32m                  [0;39m 开始生成JWT token，id：1896139254518648832，mobile：13000000000
2025-03-02 22:54:09.031 INFO  com.fengye.common.utils.JwtUtil                   :40   [32m                  [0;39m 生成JWT token：eyJ0eXAiOiJKV1QiLCJhbGciOiJIUzI1NiJ9.eyJuYmYiOjE3NDA5MjcyNDksIm1vYmlsZSI6IjEzMDAwMDAwMDAwIiwiaWQiOjE4OTYxMzkyNTQ1MTg2NDg4MzIsImV4cCI6MTc0MTAxMzY0OSwiaWF0IjoxNzQwOTI3MjQ5fQ.gb55YtIN7rACLVvPr1hVOv3VYswbB46QHzv-QQQgQ28
2025-03-02 22:54:09.032 INFO  com.fengye.common.aspect.LogAspect                :84   [32m                  [0;39m 返回结果: {"content":{"id":1896139254518648832,"mobile":"13000000000","token":"eyJ0eXAiOiJKV1QiLCJhbGciOiJIUzI1NiJ9.eyJuYmYiOjE3NDA5MjcyNDksIm1vYmlsZSI6IjEzMDAwMDAwMDAwIiwiaWQiOjE4OTYxMzkyNTQ1MTg2NDg4MzIsImV4cCI6MTc0MTAxMzY0OSwiaWF0IjoxNzQwOTI3MjQ5fQ.gb55YtIN7rACLVvPr1hVOv3VYswbB46QHzv-QQQgQ28"},"success":true}
2025-03-02 22:54:09.032 INFO  com.fengye.common.aspect.LogAspect                :85   [32m                  [0;39m ------------- 结束 耗时：44 ms -------------
2025-03-02 23:16:34.521 INFO  o.s.boot.web.embedded.tomcat.GracefulShutdown     :54   [32m                  [0;39m Commencing graceful shutdown. Waiting for active requests to complete
2025-03-02 23:16:34.575 INFO  o.s.boot.web.embedded.tomcat.GracefulShutdown     :76   [32m                  [0;39m Graceful shutdown complete
2025-03-02 23:16:34.580 INFO  com.zaxxer.hikari.HikariDataSource                :349  [32m                  [0;39m HikariPool-1 - Shutdown initiated...
2025-03-02 23:16:34.587 INFO  com.zaxxer.hikari.HikariDataSource                :351  [32m                  [0;39m HikariPool-1 - Shutdown completed.
2025-03-02 23:32:47.499 INFO  org.hibernate.validator.internal.util.Version     :21   [32m                  [0;39m HV000001: Hibernate Validator 8.0.2.Final
2025-03-02 23:32:47.544 INFO  com.fengye.MemberApplication                      :53   [32m                  [0;39m Starting MemberApplication using Java 17.0.4.1 with PID 15168 (D:\defaultFile\window\study\12306\yiersanlingliu\member\target\classes started by xu148 in D:\defaultFile\window\study\12306\yiersanlingliu)
2025-03-02 23:32:47.545 INFO  com.fengye.MemberApplication                      :652  [32m                  [0;39m No active profile set, falling back to 1 default profile: "default"
2025-03-02 23:32:48.164 INFO  o.springframework.cloud.context.scope.GenericScope:282  [32m                  [0;39m BeanFactory id=36c10489-750f-3278-94ff-6631021e90db
2025-03-02 23:32:48.555 INFO  o.s.boot.web.embedded.tomcat.TomcatWebServer      :111  [32m                  [0;39m Tomcat initialized with port 8081 (http)
2025-03-02 23:32:48.563 INFO  org.apache.coyote.http11.Http11NioProtocol        :173  [32m                  [0;39m Initializing ProtocolHandler ["http-nio-8081"]
2025-03-02 23:32:48.565 INFO  org.apache.catalina.core.StandardService          :173  [32m                  [0;39m Starting service [Tomcat]
2025-03-02 23:32:48.565 INFO  org.apache.catalina.core.StandardEngine           :173  [32m                  [0;39m Starting Servlet engine: [Apache Tomcat/10.1.36]
2025-03-02 23:32:48.611 INFO  o.a.c.c.C.[Tomcat].[localhost].[/member]          :173  [32m                  [0;39m Initializing Spring embedded WebApplicationContext
2025-03-02 23:32:48.612 INFO  o.s.b.w.s.c.ServletWebServerApplicationContext    :301  [32m                  [0;39m Root WebApplicationContext: initialization completed in 1031 ms
2025-03-02 23:32:50.327 INFO  org.springframework.cloud.commons.util.InetUtils  :170  [32m                  [0;39m Cannot determine local hostname
2025-03-02 23:32:50.372 INFO  org.apache.coyote.http11.Http11NioProtocol        :173  [32m                  [0;39m Starting ProtocolHandler ["http-nio-8081"]
2025-03-02 23:32:50.388 INFO  o.s.boot.web.embedded.tomcat.TomcatWebServer      :243  [32m                  [0;39m Tomcat started on port 8081 (http) with context path '/member'
2025-03-02 23:32:51.496 INFO  org.springframework.cloud.commons.util.InetUtils  :170  [32m                  [0;39m Cannot determine local hostname
2025-03-02 23:32:51.512 INFO  com.fengye.MemberApplication                      :59   [32m                  [0;39m Started MemberApplication in 5.58 seconds (process running for 6.121)
2025-03-02 23:32:51.514 INFO  com.fengye.MemberApplication                      :26   [32m                  [0;39m 启动成功！！
2025-03-02 23:32:51.514 INFO  com.fengye.MemberApplication                      :27   [32m                  [0;39m 测试地址: 	http://127.0.0.1:8081/member/hello
2025-03-02 23:32:59.538 INFO  o.a.c.c.C.[Tomcat].[localhost].[/member]          :173  [32m                  [0;39m Initializing Spring DispatcherServlet 'dispatcherServlet'
2025-03-02 23:32:59.539 INFO  org.springframework.web.servlet.DispatcherServlet :532  [32m                  [0;39m Initializing Servlet 'dispatcherServlet'
2025-03-02 23:32:59.540 INFO  org.springframework.web.servlet.DispatcherServlet :554  [32m                  [0;39m Completed initialization in 1 ms
2025-03-02 23:32:59.578 ERROR c.f.common.controller.ControllerExceptionHandler  :34   [32m                  [0;39m 系统异常：
org.springframework.web.HttpMediaTypeNotSupportedException: Content-Type 'application/x-www-form-urlencoded;charset=UTF-8' is not supported
	at org.springframework.web.servlet.mvc.method.annotation.AbstractMessageConverterMethodArgumentResolver.readWithMessageConverters(AbstractMessageConverterMethodArgumentResolver.java:236)
	at org.springframework.web.servlet.mvc.method.annotation.RequestResponseBodyMethodProcessor.readWithMessageConverters(RequestResponseBodyMethodProcessor.java:176)
	at org.springframework.web.servlet.mvc.method.annotation.RequestResponseBodyMethodProcessor.resolveArgument(RequestResponseBodyMethodProcessor.java:150)
	at org.springframework.web.method.support.HandlerMethodArgumentResolverComposite.resolveArgument(HandlerMethodArgumentResolverComposite.java:122)
	at org.springframework.web.method.support.InvocableHandlerMethod.getMethodArgumentValues(InvocableHandlerMethod.java:226)
	at org.springframework.web.method.support.InvocableHandlerMethod.invokeForRequest(InvocableHandlerMethod.java:180)
	at org.springframework.web.servlet.mvc.method.annotation.ServletInvocableHandlerMethod.invokeAndHandle(ServletInvocableHandlerMethod.java:118)
	at org.springframework.web.servlet.mvc.method.annotation.RequestMappingHandlerAdapter.invokeHandlerMethod(RequestMappingHandlerAdapter.java:986)
	at org.springframework.web.servlet.mvc.method.annotation.RequestMappingHandlerAdapter.handleInternal(RequestMappingHandlerAdapter.java:891)
	at org.springframework.web.servlet.mvc.method.AbstractHandlerMethodAdapter.handle(AbstractHandlerMethodAdapter.java:87)
	at org.springframework.web.servlet.DispatcherServlet.doDispatch(DispatcherServlet.java:1088)
	at org.springframework.web.servlet.DispatcherServlet.doService(DispatcherServlet.java:978)
	at org.springframework.web.servlet.FrameworkServlet.processRequest(FrameworkServlet.java:1014)
	at org.springframework.web.servlet.FrameworkServlet.doPost(FrameworkServlet.java:914)
	at jakarta.servlet.http.HttpServlet.service(HttpServlet.java:590)
	at org.springframework.web.servlet.FrameworkServlet.service(FrameworkServlet.java:885)
	at jakarta.servlet.http.HttpServlet.service(HttpServlet.java:658)
	at org.apache.catalina.core.ApplicationFilterChain.internalDoFilter(ApplicationFilterChain.java:195)
	at org.apache.catalina.core.ApplicationFilterChain.doFilter(ApplicationFilterChain.java:140)
	at org.apache.tomcat.websocket.server.WsFilter.doFilter(WsFilter.java:51)
	at org.apache.catalina.core.ApplicationFilterChain.internalDoFilter(ApplicationFilterChain.java:164)
	at org.apache.catalina.core.ApplicationFilterChain.doFilter(ApplicationFilterChain.java:140)
	at org.springframework.web.filter.RequestContextFilter.doFilterInternal(RequestContextFilter.java:100)
	at org.springframework.web.filter.OncePerRequestFilter.doFilter(OncePerRequestFilter.java:116)
	at org.apache.catalina.core.ApplicationFilterChain.internalDoFilter(ApplicationFilterChain.java:164)
	at org.apache.catalina.core.ApplicationFilterChain.doFilter(ApplicationFilterChain.java:140)
	at org.springframework.web.filter.FormContentFilter.doFilterInternal(FormContentFilter.java:93)
	at org.springframework.web.filter.OncePerRequestFilter.doFilter(OncePerRequestFilter.java:116)
	at org.apache.catalina.core.ApplicationFilterChain.internalDoFilter(ApplicationFilterChain.java:164)
	at org.apache.catalina.core.ApplicationFilterChain.doFilter(ApplicationFilterChain.java:140)
	at org.springframework.web.filter.CharacterEncodingFilter.doFilterInternal(CharacterEncodingFilter.java:201)
	at org.springframework.web.filter.OncePerRequestFilter.doFilter(OncePerRequestFilter.java:116)
	at org.apache.catalina.core.ApplicationFilterChain.internalDoFilter(ApplicationFilterChain.java:164)
	at org.apache.catalina.core.ApplicationFilterChain.doFilter(ApplicationFilterChain.java:140)
	at org.apache.catalina.core.StandardWrapperValve.invoke(StandardWrapperValve.java:167)
	at org.apache.catalina.core.StandardContextValve.invoke(StandardContextValve.java:90)
	at org.apache.catalina.authenticator.AuthenticatorBase.invoke(AuthenticatorBase.java:483)
	at org.apache.catalina.core.StandardHostValve.invoke(StandardHostValve.java:115)
	at org.apache.catalina.valves.ErrorReportValve.invoke(ErrorReportValve.java:93)
	at org.apache.catalina.core.StandardEngineValve.invoke(StandardEngineValve.java:74)
	at org.apache.catalina.connector.CoyoteAdapter.service(CoyoteAdapter.java:344)
	at org.apache.coyote.http11.Http11Processor.service(Http11Processor.java:397)
	at org.apache.coyote.AbstractProcessorLight.process(AbstractProcessorLight.java:63)
	at org.apache.coyote.AbstractProtocol$ConnectionHandler.process(AbstractProtocol.java:905)
	at org.apache.tomcat.util.net.NioEndpoint$SocketProcessor.doRun(NioEndpoint.java:1743)
	at org.apache.tomcat.util.net.SocketProcessorBase.run(SocketProcessorBase.java:52)
	at org.apache.tomcat.util.threads.ThreadPoolExecutor.runWorker(ThreadPoolExecutor.java:1190)
	at org.apache.tomcat.util.threads.ThreadPoolExecutor$Worker.run(ThreadPoolExecutor.java:659)
	at org.apache.tomcat.util.threads.TaskThread$WrappingRunnable.run(TaskThread.java:63)
	at java.base/java.lang.Thread.run(Thread.java:833)
