2025-04-07 16:27:56.830 INFO  org.hibernate.validator.internal.util.Version     :21   [32m                  [0;39m HV000001: Hibernate Validator 8.0.2.Final
2025-04-07 16:27:56.878 INFO  com.fengye.gateway.GatewayApplication             :53   [32m                  [0;39m Starting GatewayApplication using Java 17.0.4.1 with PID 29856 (D:\defaultFile\window\12306\yiersanlingliu\gateway\target\classes started by xu148 in D:\defaultFile\window\12306\yiersanlingliu)
2025-04-07 16:27:56.879 INFO  com.fengye.gateway.GatewayApplication             :652  [32m                  [0;39m No active profile set, falling back to 1 default profile: "default"
2025-04-07 16:27:57.667 INFO  o.springframework.cloud.context.scope.GenericScope:282  [32m                  [0;39m BeanFactory id=5716caea-6283-38d7-a477-628f6ced6fe6
2025-04-07 16:27:58.559 INFO  o.s.c.gateway.route.RouteDefinitionRouteLocator   :89   [32m                  [0;39m Loaded RoutePredicateFactory [After]
2025-04-07 16:27:58.560 INFO  o.s.c.gateway.route.RouteDefinitionRouteLocator   :89   [32m                  [0;39m Loaded RoutePredicateFactory [Before]
2025-04-07 16:27:58.560 INFO  o.s.c.gateway.route.RouteDefinitionRouteLocator   :89   [32m                  [0;39m Loaded RoutePredicateFactory [Between]
2025-04-07 16:27:58.560 INFO  o.s.c.gateway.route.RouteDefinitionRouteLocator   :89   [32m                  [0;39m Loaded RoutePredicateFactory [Cookie]
2025-04-07 16:27:58.560 INFO  o.s.c.gateway.route.RouteDefinitionRouteLocator   :89   [32m                  [0;39m Loaded RoutePredicateFactory [Header]
2025-04-07 16:27:58.560 INFO  o.s.c.gateway.route.RouteDefinitionRouteLocator   :89   [32m                  [0;39m Loaded RoutePredicateFactory [Host]
2025-04-07 16:27:58.560 INFO  o.s.c.gateway.route.RouteDefinitionRouteLocator   :89   [32m                  [0;39m Loaded RoutePredicateFactory [Method]
2025-04-07 16:27:58.560 INFO  o.s.c.gateway.route.RouteDefinitionRouteLocator   :89   [32m                  [0;39m Loaded RoutePredicateFactory [Path]
2025-04-07 16:27:58.561 INFO  o.s.c.gateway.route.RouteDefinitionRouteLocator   :89   [32m                  [0;39m Loaded RoutePredicateFactory [Query]
2025-04-07 16:27:58.561 INFO  o.s.c.gateway.route.RouteDefinitionRouteLocator   :89   [32m                  [0;39m Loaded RoutePredicateFactory [ReadBody]
2025-04-07 16:27:58.561 INFO  o.s.c.gateway.route.RouteDefinitionRouteLocator   :89   [32m                  [0;39m Loaded RoutePredicateFactory [RemoteAddr]
2025-04-07 16:27:58.561 INFO  o.s.c.gateway.route.RouteDefinitionRouteLocator   :89   [32m                  [0;39m Loaded RoutePredicateFactory [XForwardedRemoteAddr]
2025-04-07 16:27:58.561 INFO  o.s.c.gateway.route.RouteDefinitionRouteLocator   :89   [32m                  [0;39m Loaded RoutePredicateFactory [Weight]
2025-04-07 16:27:58.562 INFO  o.s.c.gateway.route.RouteDefinitionRouteLocator   :89   [32m                  [0;39m Loaded RoutePredicateFactory [CloudFoundryRouteService]
2025-04-07 16:27:59.180 INFO  o.s.boot.web.embedded.netty.NettyWebServer        :126  [32m                  [0;39m Netty started on port 8080 (http)
2025-04-07 16:27:59.521 INFO  com.fengye.gateway.GatewayApplication             :59   [32m                  [0;39m Started GatewayApplication in 3.57 seconds (process running for 4.671)
2025-04-07 16:27:59.523 INFO  com.fengye.gateway.GatewayApplication             :22   [32m                  [0;39m 启动成功！！
2025-04-07 16:27:59.525 INFO  com.fengye.gateway.GatewayApplication             :23   [32m                  [0;39m 测试地址: 	http://127.0.0.1:8080
2025-04-07 16:28:04.854 INFO  reactor.netty.http.server.AccessLog               :279  [32m                  [0;39m 127.0.0.1 - - [07/4月/2025:16:28:04 +0800] "GET / HTTP/1.1" 404 282 229
2025-04-07 16:28:04.863 INFO  reactor.netty.http.server.AccessLog               :279  [32m                  [0;39m 127.0.0.1 - - [07/4月/2025:16:28:04 +0800] "GET / HTTP/1.1" 404 282 5
2025-04-07 16:28:04.874 INFO  reactor.netty.http.server.AccessLog               :279  [32m                  [0;39m 127.0.0.1 - - [07/4月/2025:16:28:04 +0800] "GET / HTTP/1.1" 404 282 7
2025-04-07 16:28:05.010 INFO  reactor.netty.http.server.AccessLog               :279  [32m                  [0;39m 127.0.0.1 - - [07/4月/2025:16:28:04 +0800] "GET /favicon.ico HTTP/1.1" 404 125 85
2025-04-07 16:28:05.018 INFO  reactor.netty.http.server.AccessLog               :279  [32m                  [0;39m 127.0.0.1 - - [07/4月/2025:16:28:05 +0800] "GET /favicon.ico HTTP/1.1" 404 125 6
2025-04-07 16:32:27.152 INFO  reactor.netty.http.server.AccessLog               :279  [32m                  [0;39m 0:0:0:0:0:0:0:1 - - [07/4月/2025:16:32:27 +0800] "GET /hello HTTP/1.1" 404 282 24
2025-04-07 16:32:27.864 INFO  reactor.netty.http.server.AccessLog               :279  [32m                  [0;39m 0:0:0:0:0:0:0:1 - - [07/4月/2025:16:32:27 +0800] "GET /favicon.ico HTTP/1.1" 404 125 3
2025-04-07 16:32:43.697 INFO  reactor.netty.http.server.AccessLog               :279  [32m                  [0;39m 0:0:0:0:0:0:0:1 - - [07/4月/2025:16:32:43 +0800] "GET /hello HTTP/1.1" 404 282 5
2025-04-07 16:48:19.741 INFO  reactor.netty.http.server.AccessLog               :279  [32m                  [0;39m 127.0.0.1 - - [07/4月/2025:16:48:19 +0800] "POST /member/member/register HTTP/1.1" 200 124 376
2025-04-07 16:50:07.450 INFO  reactor.netty.http.server.AccessLog               :279  [32m                  [0;39m 127.0.0.1 - - [07/4月/2025:16:50:07 +0800] "POST /member/member/register HTTP/1.1" 200 124 22
2025-04-07 16:50:14.580 INFO  com.fengye.gateway.filter.MemberLoginFilter       :31   [32m                  [0;39m token为空，已经被拦截
2025-04-07 16:50:14.581 INFO  reactor.netty.http.server.AccessLog               :279  [32m                  [0;39m 127.0.0.1 - - [07/4月/2025:16:50:14 +0800] "POST /member/member/send-code HTTP/1.1" 401 0 2
2025-04-07 16:50:28.606 INFO  reactor.netty.http.server.AccessLog               :279  [32m                  [0;39m 127.0.0.1 - - [07/4月/2025:16:50:27 +0800] "POST /member/member/login HTTP/1.1" 200 72 1122
2025-04-07 16:50:34.861 INFO  com.fengye.gateway.filter.MemberLoginFilter       :31   [32m                  [0;39m token为空，已经被拦截
2025-04-07 16:50:34.862 INFO  reactor.netty.http.server.AccessLog               :279  [32m                  [0;39m 127.0.0.1 - - [07/4月/2025:16:50:34 +0800] "POST /member/member/send-code HTTP/1.1" 401 0 2
2025-04-07 16:50:41.458 INFO  reactor.netty.http.server.AccessLog               :279  [32m                  [0;39m 127.0.0.1 - - [07/4月/2025:16:50:41 +0800] "POST /member/member/login HTTP/1.1" 200 72 15
2025-04-07 16:50:53.495 INFO  o.s.boot.web.embedded.netty.GracefulShutdown      :53   [32m                  [0;39m Commencing graceful shutdown. Waiting for active requests to complete
2025-04-07 16:50:53.504 INFO  o.s.boot.web.embedded.netty.GracefulShutdown      :62   [32m                  [0;39m Graceful shutdown complete
2025-04-07 16:51:06.660 INFO  org.hibernate.validator.internal.util.Version     :21   [32m                  [0;39m HV000001: Hibernate Validator 8.0.2.Final
2025-04-07 16:51:06.713 INFO  com.fengye.gateway.GatewayApplication             :53   [32m                  [0;39m Starting GatewayApplication using Java 17.0.4.1 with PID 34456 (D:\defaultFile\window\12306\yiersanlingliu\gateway\target\classes started by xu148 in D:\defaultFile\window\12306\yiersanlingliu)
2025-04-07 16:51:06.713 INFO  com.fengye.gateway.GatewayApplication             :652  [32m                  [0;39m No active profile set, falling back to 1 default profile: "default"
2025-04-07 16:51:07.454 INFO  o.springframework.cloud.context.scope.GenericScope:282  [32m                  [0;39m BeanFactory id=5716caea-6283-38d7-a477-628f6ced6fe6
2025-04-07 16:51:08.329 INFO  o.s.c.gateway.route.RouteDefinitionRouteLocator   :89   [32m                  [0;39m Loaded RoutePredicateFactory [After]
2025-04-07 16:51:08.329 INFO  o.s.c.gateway.route.RouteDefinitionRouteLocator   :89   [32m                  [0;39m Loaded RoutePredicateFactory [Before]
2025-04-07 16:51:08.329 INFO  o.s.c.gateway.route.RouteDefinitionRouteLocator   :89   [32m                  [0;39m Loaded RoutePredicateFactory [Between]
2025-04-07 16:51:08.329 INFO  o.s.c.gateway.route.RouteDefinitionRouteLocator   :89   [32m                  [0;39m Loaded RoutePredicateFactory [Cookie]
2025-04-07 16:51:08.330 INFO  o.s.c.gateway.route.RouteDefinitionRouteLocator   :89   [32m                  [0;39m Loaded RoutePredicateFactory [Header]
2025-04-07 16:51:08.330 INFO  o.s.c.gateway.route.RouteDefinitionRouteLocator   :89   [32m                  [0;39m Loaded RoutePredicateFactory [Host]
2025-04-07 16:51:08.330 INFO  o.s.c.gateway.route.RouteDefinitionRouteLocator   :89   [32m                  [0;39m Loaded RoutePredicateFactory [Method]
2025-04-07 16:51:08.330 INFO  o.s.c.gateway.route.RouteDefinitionRouteLocator   :89   [32m                  [0;39m Loaded RoutePredicateFactory [Path]
2025-04-07 16:51:08.330 INFO  o.s.c.gateway.route.RouteDefinitionRouteLocator   :89   [32m                  [0;39m Loaded RoutePredicateFactory [Query]
2025-04-07 16:51:08.330 INFO  o.s.c.gateway.route.RouteDefinitionRouteLocator   :89   [32m                  [0;39m Loaded RoutePredicateFactory [ReadBody]
2025-04-07 16:51:08.330 INFO  o.s.c.gateway.route.RouteDefinitionRouteLocator   :89   [32m                  [0;39m Loaded RoutePredicateFactory [RemoteAddr]
2025-04-07 16:51:08.330 INFO  o.s.c.gateway.route.RouteDefinitionRouteLocator   :89   [32m                  [0;39m Loaded RoutePredicateFactory [XForwardedRemoteAddr]
2025-04-07 16:51:08.331 INFO  o.s.c.gateway.route.RouteDefinitionRouteLocator   :89   [32m                  [0;39m Loaded RoutePredicateFactory [Weight]
2025-04-07 16:51:08.331 INFO  o.s.c.gateway.route.RouteDefinitionRouteLocator   :89   [32m                  [0;39m Loaded RoutePredicateFactory [CloudFoundryRouteService]
2025-04-07 16:51:08.928 INFO  o.s.boot.web.embedded.netty.NettyWebServer        :126  [32m                  [0;39m Netty started on port 8080 (http)
2025-04-07 16:51:09.268 INFO  com.fengye.gateway.GatewayApplication             :59   [32m                  [0;39m Started GatewayApplication in 3.385 seconds (process running for 4.399)
2025-04-07 16:51:09.271 INFO  com.fengye.gateway.GatewayApplication             :22   [32m                  [0;39m 启动成功！！
2025-04-07 16:51:09.272 INFO  com.fengye.gateway.GatewayApplication             :23   [32m                  [0;39m 测试地址: 	http://127.0.0.1:8080
2025-04-07 16:52:26.615 INFO  reactor.netty.http.server.AccessLog               :279  [32m                  [0;39m 127.0.0.1 - - [07/4月/2025:16:52:25 +0800] "POST /member/member/login HTTP/1.1" 200 275 1070
2025-04-07 18:14:55.446 INFO  o.s.boot.web.embedded.netty.GracefulShutdown      :53   [32m                  [0;39m Commencing graceful shutdown. Waiting for active requests to complete
2025-04-07 18:14:55.504 INFO  o.s.boot.web.embedded.netty.GracefulShutdown      :62   [32m                  [0;39m Graceful shutdown complete
2025-04-12 17:03:12.050 INFO  org.hibernate.validator.internal.util.Version     :21   [32m                  [0;39m HV000001: Hibernate Validator 8.0.2.Final
2025-04-12 17:03:12.093 INFO  com.fengye.gateway.GatewayApplication             :53   [32m                  [0;39m Starting GatewayApplication using Java 21.0.5 with PID 41584 (D:\defaultFile\window\12306\yiersanlingliu\gateway\target\classes started by xu148 in D:\defaultFile\window\12306\yiersanlingliu)
2025-04-12 17:03:12.093 INFO  com.fengye.gateway.GatewayApplication             :652  [32m                  [0;39m No active profile set, falling back to 1 default profile: "default"
2025-04-12 17:03:12.665 INFO  o.springframework.cloud.context.scope.GenericScope:282  [32m                  [0;39m BeanFactory id=5716caea-6283-38d7-a477-628f6ced6fe6
2025-04-12 17:03:13.991 INFO  org.springframework.cloud.commons.util.InetUtils  :170  [32m                  [0;39m Cannot determine local hostname
2025-04-12 17:03:14.228 INFO  o.s.c.gateway.route.RouteDefinitionRouteLocator   :89   [32m                  [0;39m Loaded RoutePredicateFactory [After]
2025-04-12 17:03:14.229 INFO  o.s.c.gateway.route.RouteDefinitionRouteLocator   :89   [32m                  [0;39m Loaded RoutePredicateFactory [Before]
2025-04-12 17:03:14.229 INFO  o.s.c.gateway.route.RouteDefinitionRouteLocator   :89   [32m                  [0;39m Loaded RoutePredicateFactory [Between]
2025-04-12 17:03:14.229 INFO  o.s.c.gateway.route.RouteDefinitionRouteLocator   :89   [32m                  [0;39m Loaded RoutePredicateFactory [Cookie]
2025-04-12 17:03:14.229 INFO  o.s.c.gateway.route.RouteDefinitionRouteLocator   :89   [32m                  [0;39m Loaded RoutePredicateFactory [Header]
2025-04-12 17:03:14.229 INFO  o.s.c.gateway.route.RouteDefinitionRouteLocator   :89   [32m                  [0;39m Loaded RoutePredicateFactory [Host]
2025-04-12 17:03:14.229 INFO  o.s.c.gateway.route.RouteDefinitionRouteLocator   :89   [32m                  [0;39m Loaded RoutePredicateFactory [Method]
2025-04-12 17:03:14.229 INFO  o.s.c.gateway.route.RouteDefinitionRouteLocator   :89   [32m                  [0;39m Loaded RoutePredicateFactory [Path]
2025-04-12 17:03:14.229 INFO  o.s.c.gateway.route.RouteDefinitionRouteLocator   :89   [32m                  [0;39m Loaded RoutePredicateFactory [Query]
2025-04-12 17:03:14.230 INFO  o.s.c.gateway.route.RouteDefinitionRouteLocator   :89   [32m                  [0;39m Loaded RoutePredicateFactory [ReadBody]
2025-04-12 17:03:14.231 INFO  o.s.c.gateway.route.RouteDefinitionRouteLocator   :89   [32m                  [0;39m Loaded RoutePredicateFactory [RemoteAddr]
2025-04-12 17:03:14.231 INFO  o.s.c.gateway.route.RouteDefinitionRouteLocator   :89   [32m                  [0;39m Loaded RoutePredicateFactory [XForwardedRemoteAddr]
2025-04-12 17:03:14.231 INFO  o.s.c.gateway.route.RouteDefinitionRouteLocator   :89   [32m                  [0;39m Loaded RoutePredicateFactory [Weight]
2025-04-12 17:03:14.231 INFO  o.s.c.gateway.route.RouteDefinitionRouteLocator   :89   [32m                  [0;39m Loaded RoutePredicateFactory [CloudFoundryRouteService]
2025-04-12 17:03:15.432 INFO  org.springframework.cloud.commons.util.InetUtils  :170  [32m                  [0;39m Cannot determine local hostname
2025-04-12 17:03:15.573 INFO  o.s.boot.web.embedded.netty.NettyWebServer        :126  [32m                  [0;39m Netty started on port 8080 (http)
2025-04-12 17:03:16.592 INFO  org.springframework.cloud.commons.util.InetUtils  :170  [32m                  [0;39m Cannot determine local hostname
2025-04-12 17:03:17.614 INFO  org.springframework.cloud.commons.util.InetUtils  :170  [32m                  [0;39m Cannot determine local hostname
2025-04-12 17:03:17.654 INFO  com.fengye.gateway.GatewayApplication             :59   [32m                  [0;39m Started GatewayApplication in 7.123 seconds (process running for 8.067)
2025-04-12 17:03:17.658 INFO  com.fengye.gateway.GatewayApplication             :22   [32m                  [0;39m 启动成功！！
2025-04-12 17:03:17.659 INFO  com.fengye.gateway.GatewayApplication             :23   [32m                  [0;39m 测试地址: 	http://127.0.0.1:8080
2025-04-12 17:10:30.406 INFO  com.fengye.gateway.filter.MemberLoginFilter       :31   [32m                  [0;39m token为空，已经被拦截
2025-04-12 17:10:39.113 INFO  com.fengye.gateway.filter.MemberLoginFilter       :31   [32m                  [0;39m token为空，已经被拦截
2025-04-12 17:11:33.400 INFO  o.s.boot.web.embedded.netty.GracefulShutdown      :53   [32m                  [0;39m Commencing graceful shutdown. Waiting for active requests to complete
2025-04-12 17:11:33.402 INFO  o.s.boot.web.embedded.netty.GracefulShutdown      :62   [32m                  [0;39m Graceful shutdown complete
2025-04-12 17:11:42.090 INFO  org.hibernate.validator.internal.util.Version     :21   [32m                  [0;39m HV000001: Hibernate Validator 8.0.2.Final
2025-04-12 17:11:42.126 INFO  com.fengye.gateway.GatewayApplication             :53   [32m                  [0;39m Starting GatewayApplication using Java 21.0.5 with PID 8896 (D:\defaultFile\window\12306\yiersanlingliu\gateway\target\classes started by xu148 in D:\defaultFile\window\12306\yiersanlingliu)
2025-04-12 17:11:42.127 INFO  com.fengye.gateway.GatewayApplication             :652  [32m                  [0;39m No active profile set, falling back to 1 default profile: "default"
2025-04-12 17:11:42.695 INFO  o.springframework.cloud.context.scope.GenericScope:282  [32m                  [0;39m BeanFactory id=5716caea-6283-38d7-a477-628f6ced6fe6
2025-04-12 17:11:44.025 INFO  org.springframework.cloud.commons.util.InetUtils  :170  [32m                  [0;39m Cannot determine local hostname
2025-04-12 17:11:44.271 INFO  o.s.c.gateway.route.RouteDefinitionRouteLocator   :89   [32m                  [0;39m Loaded RoutePredicateFactory [After]
2025-04-12 17:11:44.272 INFO  o.s.c.gateway.route.RouteDefinitionRouteLocator   :89   [32m                  [0;39m Loaded RoutePredicateFactory [Before]
2025-04-12 17:11:44.272 INFO  o.s.c.gateway.route.RouteDefinitionRouteLocator   :89   [32m                  [0;39m Loaded RoutePredicateFactory [Between]
2025-04-12 17:11:44.272 INFO  o.s.c.gateway.route.RouteDefinitionRouteLocator   :89   [32m                  [0;39m Loaded RoutePredicateFactory [Cookie]
2025-04-12 17:11:44.272 INFO  o.s.c.gateway.route.RouteDefinitionRouteLocator   :89   [32m                  [0;39m Loaded RoutePredicateFactory [Header]
2025-04-12 17:11:44.272 INFO  o.s.c.gateway.route.RouteDefinitionRouteLocator   :89   [32m                  [0;39m Loaded RoutePredicateFactory [Host]
2025-04-12 17:11:44.272 INFO  o.s.c.gateway.route.RouteDefinitionRouteLocator   :89   [32m                  [0;39m Loaded RoutePredicateFactory [Method]
2025-04-12 17:11:44.272 INFO  o.s.c.gateway.route.RouteDefinitionRouteLocator   :89   [32m                  [0;39m Loaded RoutePredicateFactory [Path]
2025-04-12 17:11:44.272 INFO  o.s.c.gateway.route.RouteDefinitionRouteLocator   :89   [32m                  [0;39m Loaded RoutePredicateFactory [Query]
2025-04-12 17:11:44.273 INFO  o.s.c.gateway.route.RouteDefinitionRouteLocator   :89   [32m                  [0;39m Loaded RoutePredicateFactory [ReadBody]
2025-04-12 17:11:44.273 INFO  o.s.c.gateway.route.RouteDefinitionRouteLocator   :89   [32m                  [0;39m Loaded RoutePredicateFactory [RemoteAddr]
2025-04-12 17:11:44.273 INFO  o.s.c.gateway.route.RouteDefinitionRouteLocator   :89   [32m                  [0;39m Loaded RoutePredicateFactory [XForwardedRemoteAddr]
2025-04-12 17:11:44.273 INFO  o.s.c.gateway.route.RouteDefinitionRouteLocator   :89   [32m                  [0;39m Loaded RoutePredicateFactory [Weight]
2025-04-12 17:11:44.273 INFO  o.s.c.gateway.route.RouteDefinitionRouteLocator   :89   [32m                  [0;39m Loaded RoutePredicateFactory [CloudFoundryRouteService]
2025-04-12 17:11:45.467 INFO  org.springframework.cloud.commons.util.InetUtils  :170  [32m                  [0;39m Cannot determine local hostname
2025-04-12 17:11:45.623 INFO  o.s.boot.web.embedded.netty.NettyWebServer        :126  [32m                  [0;39m Netty started on port 8080 (http)
2025-04-12 17:11:46.641 INFO  org.springframework.cloud.commons.util.InetUtils  :170  [32m                  [0;39m Cannot determine local hostname
2025-04-12 17:11:47.657 INFO  org.springframework.cloud.commons.util.InetUtils  :170  [32m                  [0;39m Cannot determine local hostname
2025-04-12 17:11:47.694 INFO  com.fengye.gateway.GatewayApplication             :59   [32m                  [0;39m Started GatewayApplication in 7.094 seconds (process running for 7.824)
2025-04-12 17:11:47.698 INFO  com.fengye.gateway.GatewayApplication             :22   [32m                  [0;39m 启动成功！！
2025-04-12 17:11:47.698 INFO  com.fengye.gateway.GatewayApplication             :23   [32m                  [0;39m 测试地址: 	http://127.0.0.1:8080
2025-04-12 17:12:00.119 INFO  com.fengye.gateway.utils.JwtUtil                  :45   [32m                  [0;39m 开始JWT token校验，token：eyJ0eXAiOiJKV1QiLCJhbGciOiJIUzI1NiJ9.eyJuYmYiOjE3NDQ0NDkxMTUsIm1vYmlsZSI6IjEzMDAwMDAwMDAwIiwiaWQiOjE5MTAyMzQ4ODE1NzM2NTQ1MjgsImV4cCI6MTc0NDUzNTUxNSwiaWF0IjoxNzQ0NDQ5MTE1fQ.EsTZxvnKVWjN5FrcomzEUfk_0QZiJchdVGZRJa9YGYk
2025-04-12 17:12:00.375 INFO  com.fengye.gateway.utils.JwtUtil                  :56   [32m                  [0;39m JWT token校验结果：true
2025-04-12 17:12:00.376 INFO  com.fengye.gateway.filter.MemberLoginFilter       :40   [32m                  [0;39m token有效，请求通过
2025-04-12 17:12:19.066 INFO  com.fengye.gateway.utils.JwtUtil                  :45   [32m                  [0;39m 开始JWT token校验，token：eyJ0eXAiOiJKV1QiLCJhbGciOiJIUzI1NiJ9.eyJuYmYiOjE3NDQ0NDkxMTUsIm1vYmlsZSI6IjEzMDAwMDAwMDAwIiwiaWQiOjE5MTAyMzQ4ODE1NzM2NTQ1MjgsImV4cCI6MTc0NDUzNTUxNSwiaWF0IjoxNzQ0NDQ5MTE1fQ.EsTZxvnKVWjN5FrcomzEUfk_0QZiJchdVGZRJa9YGYk
2025-04-12 17:12:19.067 INFO  com.fengye.gateway.utils.JwtUtil                  :56   [32m                  [0;39m JWT token校验结果：true
2025-04-12 17:12:19.068 INFO  com.fengye.gateway.filter.MemberLoginFilter       :40   [32m                  [0;39m token有效，请求通过
2025-04-12 17:12:19.140 INFO  com.fengye.gateway.utils.JwtUtil                  :45   [32m                  [0;39m 开始JWT token校验，token：eyJ0eXAiOiJKV1QiLCJhbGciOiJIUzI1NiJ9.eyJuYmYiOjE3NDQ0NDkxMTUsIm1vYmlsZSI6IjEzMDAwMDAwMDAwIiwiaWQiOjE5MTAyMzQ4ODE1NzM2NTQ1MjgsImV4cCI6MTc0NDUzNTUxNSwiaWF0IjoxNzQ0NDQ5MTE1fQ.EsTZxvnKVWjN5FrcomzEUfk_0QZiJchdVGZRJa9YGYk
2025-04-12 17:12:19.141 INFO  com.fengye.gateway.utils.JwtUtil                  :56   [32m                  [0;39m JWT token校验结果：true
2025-04-12 17:12:19.142 INFO  com.fengye.gateway.filter.MemberLoginFilter       :40   [32m                  [0;39m token有效，请求通过
2025-04-12 17:12:26.103 INFO  com.fengye.gateway.utils.JwtUtil                  :45   [32m                  [0;39m 开始JWT token校验，token：eyJ0eXAiOiJKV1QiLCJhbGciOiJIUzI1NiJ9.eyJuYmYiOjE3NDQ0NDkxMTUsIm1vYmlsZSI6IjEzMDAwMDAwMDAwIiwiaWQiOjE5MTAyMzQ4ODE1NzM2NTQ1MjgsImV4cCI6MTc0NDUzNTUxNSwiaWF0IjoxNzQ0NDQ5MTE1fQ.EsTZxvnKVWjN5FrcomzEUfk_0QZiJchdVGZRJa9YGYk
2025-04-12 17:12:26.104 INFO  com.fengye.gateway.utils.JwtUtil                  :56   [32m                  [0;39m JWT token校验结果：true
2025-04-12 17:12:26.105 INFO  com.fengye.gateway.filter.MemberLoginFilter       :40   [32m                  [0;39m token有效，请求通过
2025-04-12 17:13:36.772 INFO  com.fengye.gateway.utils.JwtUtil                  :45   [32m                  [0;39m 开始JWT token校验，token：eyJ0eXAiOiJKV1QiLCJhbGciOiJIUzI1NiJ9.eyJuYmYiOjE3NDQ0NDkxMTUsIm1vYmlsZSI6IjEzMDAwMDAwMDAwIiwiaWQiOjE5MTAyMzQ4ODE1NzM2NTQ1MjgsImV4cCI6MTc0NDUzNTUxNSwiaWF0IjoxNzQ0NDQ5MTE1fQ.EsTZxvnKVWjN5FrcomzEUfk_0QZiJchdVGZRJa9YGYk
2025-04-12 17:13:36.772 INFO  com.fengye.gateway.utils.JwtUtil                  :56   [32m                  [0;39m JWT token校验结果：true
2025-04-12 17:13:36.772 INFO  com.fengye.gateway.filter.MemberLoginFilter       :40   [32m                  [0;39m token有效，请求通过
2025-04-12 17:13:37.467 INFO  com.fengye.gateway.utils.JwtUtil                  :45   [32m                  [0;39m 开始JWT token校验，token：eyJ0eXAiOiJKV1QiLCJhbGciOiJIUzI1NiJ9.eyJuYmYiOjE3NDQ0NDkxMTUsIm1vYmlsZSI6IjEzMDAwMDAwMDAwIiwiaWQiOjE5MTAyMzQ4ODE1NzM2NTQ1MjgsImV4cCI6MTc0NDUzNTUxNSwiaWF0IjoxNzQ0NDQ5MTE1fQ.EsTZxvnKVWjN5FrcomzEUfk_0QZiJchdVGZRJa9YGYk
2025-04-12 17:13:37.467 INFO  com.fengye.gateway.utils.JwtUtil                  :56   [32m                  [0;39m JWT token校验结果：true
2025-04-12 17:13:37.468 INFO  com.fengye.gateway.filter.MemberLoginFilter       :40   [32m                  [0;39m token有效，请求通过
2025-04-12 17:15:27.812 INFO  com.fengye.gateway.utils.JwtUtil                  :45   [32m                  [0;39m 开始JWT token校验，token：eyJ0eXAiOiJKV1QiLCJhbGciOiJIUzI1NiJ9.eyJuYmYiOjE3NDQ0NDkxMTUsIm1vYmlsZSI6IjEzMDAwMDAwMDAwIiwiaWQiOjE5MTAyMzQ4ODE1NzM2NTQ1MjgsImV4cCI6MTc0NDUzNTUxNSwiaWF0IjoxNzQ0NDQ5MTE1fQ.EsTZxvnKVWjN5FrcomzEUfk_0QZiJchdVGZRJa9YGYk
2025-04-12 17:15:27.813 INFO  com.fengye.gateway.utils.JwtUtil                  :56   [32m                  [0;39m JWT token校验结果：true
2025-04-12 17:15:27.813 INFO  com.fengye.gateway.filter.MemberLoginFilter       :40   [32m                  [0;39m token有效，请求通过
2025-04-12 17:15:28.782 INFO  com.fengye.gateway.utils.JwtUtil                  :45   [32m                  [0;39m 开始JWT token校验，token：eyJ0eXAiOiJKV1QiLCJhbGciOiJIUzI1NiJ9.eyJuYmYiOjE3NDQ0NDkxMTUsIm1vYmlsZSI6IjEzMDAwMDAwMDAwIiwiaWQiOjE5MTAyMzQ4ODE1NzM2NTQ1MjgsImV4cCI6MTc0NDUzNTUxNSwiaWF0IjoxNzQ0NDQ5MTE1fQ.EsTZxvnKVWjN5FrcomzEUfk_0QZiJchdVGZRJa9YGYk
2025-04-12 17:15:28.783 INFO  com.fengye.gateway.utils.JwtUtil                  :56   [32m                  [0;39m JWT token校验结果：true
2025-04-12 17:15:28.784 INFO  com.fengye.gateway.filter.MemberLoginFilter       :40   [32m                  [0;39m token有效，请求通过
2025-04-12 17:15:33.964 INFO  com.fengye.gateway.utils.JwtUtil                  :45   [32m                  [0;39m 开始JWT token校验，token：eyJ0eXAiOiJKV1QiLCJhbGciOiJIUzI1NiJ9.eyJuYmYiOjE3NDQ0NDkxMTUsIm1vYmlsZSI6IjEzMDAwMDAwMDAwIiwiaWQiOjE5MTAyMzQ4ODE1NzM2NTQ1MjgsImV4cCI6MTc0NDUzNTUxNSwiaWF0IjoxNzQ0NDQ5MTE1fQ.EsTZxvnKVWjN5FrcomzEUfk_0QZiJchdVGZRJa9YGYk
2025-04-12 17:15:33.965 INFO  com.fengye.gateway.utils.JwtUtil                  :56   [32m                  [0;39m JWT token校验结果：true
2025-04-12 17:15:33.966 INFO  com.fengye.gateway.filter.MemberLoginFilter       :40   [32m                  [0;39m token有效，请求通过
2025-04-12 17:15:34.056 INFO  com.fengye.gateway.utils.JwtUtil                  :45   [32m                  [0;39m 开始JWT token校验，token：eyJ0eXAiOiJKV1QiLCJhbGciOiJIUzI1NiJ9.eyJuYmYiOjE3NDQ0NDkxMTUsIm1vYmlsZSI6IjEzMDAwMDAwMDAwIiwiaWQiOjE5MTAyMzQ4ODE1NzM2NTQ1MjgsImV4cCI6MTc0NDUzNTUxNSwiaWF0IjoxNzQ0NDQ5MTE1fQ.EsTZxvnKVWjN5FrcomzEUfk_0QZiJchdVGZRJa9YGYk
2025-04-12 17:15:34.057 INFO  com.fengye.gateway.utils.JwtUtil                  :56   [32m                  [0;39m JWT token校验结果：true
2025-04-12 17:15:34.058 INFO  com.fengye.gateway.filter.MemberLoginFilter       :40   [32m                  [0;39m token有效，请求通过
2025-04-12 17:22:11.341 INFO  o.s.boot.web.embedded.netty.GracefulShutdown      :53   [32m                  [0;39m Commencing graceful shutdown. Waiting for active requests to complete
2025-04-12 17:22:11.347 INFO  o.s.boot.web.embedded.netty.GracefulShutdown      :62   [32m                  [0;39m Graceful shutdown complete
